{"/home/travis/build/npmtest/node-npmtest-warehouse/test.js":{"path":"/home/travis/build/npmtest/node-npmtest-warehouse/test.js","s":{"1":2,"2":2,"3":2,"4":2,"5":2,"6":2,"7":2,"8":1,"9":2,"10":2,"11":1,"12":1,"13":1,"14":1,"15":2,"16":2,"17":2,"18":2,"19":1,"20":1,"21":2,"22":2,"23":2,"24":1,"25":1,"26":1,"27":1,"28":1,"29":1,"30":1,"31":1,"32":1,"33":1,"34":1,"35":1,"36":1,"37":1,"38":1,"39":2,"40":2,"41":1,"42":2,"43":2,"44":1,"45":2,"46":2,"47":1,"48":2,"49":2,"50":1,"51":1,"52":1,"53":1,"54":1},"b":{"1":[2,1,1,1],"2":[1,1,1,1],"3":[1,1],"4":[1,1],"5":[1,1],"6":[1,1],"7":[1,1],"8":[1,1],"9":[1,1],"10":[1,1,1],"11":[1,1],"12":[1,1],"13":[1,1],"14":[1,1],"15":[1,1],"16":[1,1],"17":[1,1]},"f":{"1":2,"2":2,"3":2,"4":2,"5":2,"6":1,"7":1,"8":1,"9":2,"10":2,"11":2,"12":2,"13":1},"fnMap":{"1":{"name":"(anonymous_1)","line":12,"loc":{"start":{"line":12,"column":1},"end":{"line":12,"column":13}}},"2":{"name":"(anonymous_2)","line":19,"loc":{"start":{"line":19,"column":5},"end":{"line":19,"column":17}}},"3":{"name":"(anonymous_3)","line":23,"loc":{"start":{"line":23,"column":24},"end":{"line":23,"column":36}}},"4":{"name":"(anonymous_4)","line":61,"loc":{"start":{"line":61,"column":5},"end":{"line":61,"column":17}}},"5":{"name":"(anonymous_5)","line":82,"loc":{"start":{"line":82,"column":5},"end":{"line":82,"column":17}}},"6":{"name":"(anonymous_6)","line":91,"loc":{"start":{"line":91,"column":77},"end":{"line":94,"column":10}}},"7":{"name":"(anonymous_7)","line":112,"loc":{"start":{"line":112,"column":83},"end":{"line":115,"column":10}},"skip":true},"8":{"name":"(anonymous_8)","line":123,"loc":{"start":{"line":123,"column":77},"end":{"line":126,"column":10}},"skip":true},"9":{"name":"(anonymous_9)","line":139,"loc":{"start":{"line":139,"column":12},"end":{"line":139,"column":40}},"skip":true},"10":{"name":"(anonymous_10)","line":147,"loc":{"start":{"line":147,"column":77},"end":{"line":150,"column":10}},"skip":true},"11":{"name":"(anonymous_11)","line":158,"loc":{"start":{"line":158,"column":83},"end":{"line":161,"column":10}},"skip":true},"12":{"name":"(anonymous_12)","line":169,"loc":{"start":{"line":169,"column":79},"end":{"line":172,"column":10}},"skip":true},"13":{"name":"(anonymous_13)","line":180,"loc":{"start":{"line":180,"column":75},"end":{"line":183,"column":10}},"skip":true}},"statementMap":{"1":{"start":{"line":12,"column":0},"end":{"line":195,"column":5}},"2":{"start":{"line":14,"column":4},"end":{"line":14,"column":14}},"3":{"start":{"line":19,"column":4},"end":{"line":56,"column":9}},"4":{"start":{"line":21,"column":8},"end":{"line":21,"column":19}},"5":{"start":{"line":23,"column":8},"end":{"line":35,"column":13}},"6":{"start":{"line":24,"column":12},"end":{"line":34,"column":13}},"7":{"start":{"line":25,"column":16},"end":{"line":28,"column":30}},"8":{"start":{"line":30,"column":16},"end":{"line":33,"column":27}},"9":{"start":{"line":37,"column":8},"end":{"line":39,"column":21}},"10":{"start":{"line":40,"column":8},"end":{"line":53,"column":9}},"11":{"start":{"line":43,"column":12},"end":{"line":46,"column":14}},"12":{"start":{"line":47,"column":12},"end":{"line":47,"column":18}},"13":{"start":{"line":50,"column":12},"end":{"line":51,"column":46}},"14":{"start":{"line":52,"column":12},"end":{"line":52,"column":18}},"15":{"start":{"line":55,"column":8},"end":{"line":55,"column":35}},"16":{"start":{"line":61,"column":4},"end":{"line":63,"column":9}},"17":{"start":{"line":62,"column":8},"end":{"line":62,"column":15}},"18":{"start":{"line":64,"column":4},"end":{"line":77,"column":5}},"19":{"start":{"line":70,"column":8},"end":{"line":70,"column":14}},"20":{"start":{"line":76,"column":8},"end":{"line":76,"column":14}},"21":{"start":{"line":82,"column":4},"end":{"line":84,"column":9}},"22":{"start":{"line":83,"column":8},"end":{"line":83,"column":15}},"23":{"start":{"line":85,"column":4},"end":{"line":194,"column":5}},"24":{"start":{"line":91,"column":8},"end":{"line":99,"column":10}},"25":{"start":{"line":98,"column":12},"end":{"line":98,"column":35}},"26":{"start":{"line":102,"column":8},"end":{"line":104,"column":63}},"27":{"start":{"line":105,"column":8},"end":{"line":105,"column":14}},"28":{"start":{"line":112,"column":8},"end":{"line":121,"column":10},"skip":true},"29":{"start":{"line":119,"column":12},"end":{"line":119,"column":55},"skip":true},"30":{"start":{"line":120,"column":12},"end":{"line":120,"column":48},"skip":true},"31":{"start":{"line":123,"column":8},"end":{"line":136,"column":10},"skip":true},"32":{"start":{"line":130,"column":12},"end":{"line":130,"column":76},"skip":true},"33":{"start":{"line":131,"column":12},"end":{"line":131,"column":73},"skip":true},"34":{"start":{"line":132,"column":12},"end":{"line":132,"column":74},"skip":true},"35":{"start":{"line":133,"column":12},"end":{"line":133,"column":79},"skip":true},"36":{"start":{"line":134,"column":12},"end":{"line":134,"column":25},"skip":true},"37":{"start":{"line":135,"column":12},"end":{"line":135,"column":45},"skip":true},"38":{"start":{"line":138,"column":8},"end":{"line":145,"column":14},"skip":true},"39":{"start":{"line":143,"column":16},"end":{"line":143,"column":29},"skip":true},"40":{"start":{"line":144,"column":16},"end":{"line":144,"column":55},"skip":true},"41":{"start":{"line":147,"column":8},"end":{"line":156,"column":10},"skip":true},"42":{"start":{"line":154,"column":12},"end":{"line":154,"column":25},"skip":true},"43":{"start":{"line":155,"column":12},"end":{"line":155,"column":45},"skip":true},"44":{"start":{"line":158,"column":8},"end":{"line":167,"column":10},"skip":true},"45":{"start":{"line":165,"column":12},"end":{"line":165,"column":25},"skip":true},"46":{"start":{"line":166,"column":12},"end":{"line":166,"column":48},"skip":true},"47":{"start":{"line":169,"column":8},"end":{"line":178,"column":10},"skip":true},"48":{"start":{"line":176,"column":12},"end":{"line":176,"column":25},"skip":true},"49":{"start":{"line":177,"column":12},"end":{"line":177,"column":46},"skip":true},"50":{"start":{"line":180,"column":8},"end":{"line":189,"column":10},"skip":true},"51":{"start":{"line":187,"column":12},"end":{"line":187,"column":94},"skip":true},"52":{"start":{"line":188,"column":12},"end":{"line":188,"column":48},"skip":true},"53":{"start":{"line":192,"column":8},"end":{"line":192,"column":35},"skip":true},"54":{"start":{"line":193,"column":8},"end":{"line":193,"column":14},"skip":true}},"branchMap":{"1":{"line":25,"type":"binary-expr","locations":[{"start":{"line":25,"column":23},"end":{"line":25,"column":62}},{"start":{"line":26,"column":20},"end":{"line":26,"column":70}},{"start":{"line":27,"column":20},"end":{"line":27,"column":71}},{"start":{"line":28,"column":20},"end":{"line":28,"column":29}}]},"2":{"line":30,"type":"binary-expr","locations":[{"start":{"line":30,"column":23},"end":{"line":30,"column":37}},{"start":{"line":31,"column":20},"end":{"line":31,"column":61}},{"start":{"line":32,"column":20},"end":{"line":32,"column":70}},{"start":{"line":33,"column":20},"end":{"line":33,"column":26}}]},"3":{"line":37,"type":"cond-expr","locations":[{"start":{"line":38,"column":14},"end":{"line":38,"column":20}},{"start":{"line":39,"column":14},"end":{"line":39,"column":20}}]},"4":{"line":40,"type":"switch","locations":[{"start":{"line":42,"column":8},"end":{"line":47,"column":18}},{"start":{"line":49,"column":8},"end":{"line":52,"column":18}}]},"5":{"line":44,"type":"binary-expr","locations":[{"start":{"line":44,"column":16},"end":{"line":44,"column":44}},{"start":{"line":44,"column":48},"end":{"line":44,"column":66}}]},"6":{"line":50,"type":"binary-expr","locations":[{"start":{"line":50,"column":21},"end":{"line":50,"column":49}},{"start":{"line":50,"column":53},"end":{"line":50,"column":72}}]},"7":{"line":64,"type":"switch","locations":[{"start":{"line":69,"column":4},"end":{"line":70,"column":14}},{"start":{"line":75,"column":4},"end":{"line":76,"column":14}}]},"8":{"line":85,"type":"switch","locations":[{"start":{"line":90,"column":4},"end":{"line":105,"column":14}},{"start":{"line":111,"column":4},"end":{"line":193,"column":14},"skip":true}]},"9":{"line":91,"type":"binary-expr","locations":[{"start":{"line":91,"column":42},"end":{"line":91,"column":73}},{"start":{"line":91,"column":77},"end":{"line":99,"column":9}}]},"10":{"line":102,"type":"binary-expr","locations":[{"start":{"line":102,"column":18},"end":{"line":102,"column":32}},{"start":{"line":103,"column":12},"end":{"line":103,"column":53}},{"start":{"line":104,"column":12},"end":{"line":104,"column":61}}]},"11":{"line":112,"type":"binary-expr","locations":[{"start":{"line":112,"column":45},"end":{"line":112,"column":79},"skip":true},{"start":{"line":112,"column":83},"end":{"line":121,"column":9},"skip":true}]},"12":{"line":123,"type":"binary-expr","locations":[{"start":{"line":123,"column":42},"end":{"line":123,"column":73},"skip":true},{"start":{"line":123,"column":77},"end":{"line":136,"column":9},"skip":true}]},"13":{"line":138,"type":"binary-expr","locations":[{"start":{"line":138,"column":48},"end":{"line":138,"column":85},"skip":true},{"start":{"line":139,"column":12},"end":{"line":145,"column":13},"skip":true}]},"14":{"line":147,"type":"binary-expr","locations":[{"start":{"line":147,"column":42},"end":{"line":147,"column":73},"skip":true},{"start":{"line":147,"column":77},"end":{"line":156,"column":9},"skip":true}]},"15":{"line":158,"type":"binary-expr","locations":[{"start":{"line":158,"column":45},"end":{"line":158,"column":79},"skip":true},{"start":{"line":158,"column":83},"end":{"line":167,"column":9},"skip":true}]},"16":{"line":169,"type":"binary-expr","locations":[{"start":{"line":169,"column":43},"end":{"line":169,"column":75},"skip":true},{"start":{"line":169,"column":79},"end":{"line":178,"column":9},"skip":true}]},"17":{"line":180,"type":"binary-expr","locations":[{"start":{"line":180,"column":41},"end":{"line":180,"column":71},"skip":true},{"start":{"line":180,"column":75},"end":{"line":189,"column":9},"skip":true}]}},"code":["/* istanbul instrument in package npmtest_warehouse */","/*jslint","    bitwise: true,","    browser: true,","    maxerr: 8,","    maxlen: 96,","    node: true,","    nomen: true,","    regexp: true,","    stupid: true","*/","(function () {","    'use strict';","    var local;","","","","    // run shared js-env code - pre-init","    (function () {","        // init local","        local = {};","        // init modeJs","        local.modeJs = (function () {","            try {","                return typeof navigator.userAgent === 'string' &&","                    typeof document.querySelector('body') === 'object' &&","                    typeof XMLHttpRequest.prototype.open === 'function' &&","                    'browser';","            } catch (errorCaughtBrowser) {","                return module.exports &&","                    typeof process.versions.node === 'string' &&","                    typeof require('http').createServer === 'function' &&","                    'node';","            }","        }());","        // init global","        local.global = local.modeJs === 'browser'","            ? window","            : global;","        switch (local.modeJs) {","        // re-init local from window.local","        case 'browser':","            local = local.global.utility2.objectSetDefault(","                local.global.utility2_rollup || local.global.local,","                local.global.utility2","            );","            break;","        // re-init local from example.js","        case 'node':","            local = (local.global.utility2_rollup || require('utility2'))","                .requireExampleJsFromReadme();","            break;","        }","        // export local","        local.global.local = local;","    }());","","","","    // run shared js-env code - function","    (function () {","        return;","    }());","    switch (local.modeJs) {","","","","    // run browser js-env code - function","    case 'browser':","        break;","","","","    // run node js-env code - function","    case 'node':","        break;","    }","","","","    // run shared js-env code - post-init","    (function () {","        return;","    }());","    switch (local.modeJs) {","","","","    // run browser js-env code - post-init","    case 'browser':","        local.testCase_browser_nullCase = local.testCase_browser_nullCase || function (","            options,","            onError","        ) {","        /*","         * this function will test browsers's null-case handling-behavior-behavior","         */","            onError(null, options);","        };","","        // run tests","        local.nop(local.modeTest &&","            document.querySelector('#testRunButton1') &&","            document.querySelector('#testRunButton1').click());","        break;","","","","    // run node js-env code - post-init","    /* istanbul ignore next */","    case 'node':","        local.testCase_buildApidoc_default = local.testCase_buildApidoc_default || function (","            options,","            onError","        ) {","        /*","         * this function will test buildApidoc's default handling-behavior-behavior","         */","            options = { modulePathList: module.paths };","            local.buildApidoc(options, onError);","        };","","        local.testCase_buildApp_default = local.testCase_buildApp_default || function (","            options,","            onError","        ) {","        /*","         * this function will test buildApp's default handling-behavior-behavior","         */","            local.testCase_buildReadme_default(options, local.onErrorThrow);","            local.testCase_buildLib_default(options, local.onErrorThrow);","            local.testCase_buildTest_default(options, local.onErrorThrow);","            local.testCase_buildCustomOrg_default(options, local.onErrorThrow);","            options = [];","            local.buildApp(options, onError);","        };","","        local.testCase_buildCustomOrg_default = local.testCase_buildCustomOrg_default ||","            function (options, onError) {","            /*","             * this function will test buildCustomOrg's default handling-behavior","             */","                options = {};","                local.buildCustomOrg(options, onError);","            };","","        local.testCase_buildLib_default = local.testCase_buildLib_default || function (","            options,","            onError","        ) {","        /*","         * this function will test buildLib's default handling-behavior","         */","            options = {};","            local.buildLib(options, onError);","        };","","        local.testCase_buildReadme_default = local.testCase_buildReadme_default || function (","            options,","            onError","        ) {","        /*","         * this function will test buildReadme's default handling-behavior-behavior","         */","            options = {};","            local.buildReadme(options, onError);","        };","","        local.testCase_buildTest_default = local.testCase_buildTest_default || function (","            options,","            onError","        ) {","        /*","         * this function will test buildTest's default handling-behavior","         */","            options = {};","            local.buildTest(options, onError);","        };","","        local.testCase_webpage_default = local.testCase_webpage_default || function (","            options,","            onError","        ) {","        /*","         * this function will test webpage's default handling-behavior","         */","            options = { modeCoverageMerge: true, url: local.serverLocalHost + '?modeTest=1' };","            local.browserTest(options, onError);","        };","","        // run test-server","        local.testRunServer(local);","        break;","    }","}());",""],"l":{"12":2,"14":2,"19":2,"21":2,"23":2,"24":2,"25":2,"30":1,"37":2,"40":2,"43":1,"47":1,"50":1,"52":1,"55":2,"61":2,"62":2,"64":2,"70":1,"76":1,"82":2,"83":2,"85":2,"91":1,"98":1,"102":1,"105":1,"112":1,"119":1,"120":1,"123":1,"130":1,"131":1,"132":1,"133":1,"134":1,"135":1,"138":1,"143":2,"144":2,"147":1,"154":2,"155":2,"158":1,"165":2,"166":2,"169":1,"176":2,"177":2,"180":1,"187":1,"188":1,"192":1,"193":1}},"/home/travis/build/npmtest/node-npmtest-warehouse/lib.npmtest_warehouse.js":{"path":"/home/travis/build/npmtest/node-npmtest-warehouse/lib.npmtest_warehouse.js","s":{"1":2,"2":2,"3":2,"4":2,"5":2,"6":2,"7":2,"8":1,"9":2,"10":2,"11":2,"12":2,"13":1,"14":1,"15":1,"16":1},"b":{"1":[2,1,1,1],"2":[1,1,1,1],"3":[1,1],"4":[2,2],"5":[1,1]},"f":{"1":2,"2":2,"3":2},"fnMap":{"1":{"name":"(anonymous_1)","line":12,"loc":{"start":{"line":12,"column":1},"end":{"line":12,"column":13}}},"2":{"name":"(anonymous_2)","line":19,"loc":{"start":{"line":19,"column":5},"end":{"line":19,"column":17}}},"3":{"name":"(anonymous_3)","line":23,"loc":{"start":{"line":23,"column":24},"end":{"line":23,"column":36}}}},"statementMap":{"1":{"start":{"line":12,"column":0},"end":{"line":53,"column":5}},"2":{"start":{"line":14,"column":4},"end":{"line":14,"column":14}},"3":{"start":{"line":19,"column":4},"end":{"line":52,"column":9}},"4":{"start":{"line":21,"column":8},"end":{"line":21,"column":19}},"5":{"start":{"line":23,"column":8},"end":{"line":35,"column":13}},"6":{"start":{"line":24,"column":12},"end":{"line":34,"column":13}},"7":{"start":{"line":25,"column":16},"end":{"line":28,"column":30}},"8":{"start":{"line":30,"column":16},"end":{"line":33,"column":27}},"9":{"start":{"line":37,"column":8},"end":{"line":39,"column":21}},"10":{"start":{"line":41,"column":8},"end":{"line":41,"column":54}},"11":{"start":{"line":43,"column":8},"end":{"line":43,"column":54}},"12":{"start":{"line":45,"column":8},"end":{"line":51,"column":9}},"13":{"start":{"line":46,"column":12},"end":{"line":46,"column":60}},"14":{"start":{"line":48,"column":12},"end":{"line":48,"column":35}},"15":{"start":{"line":49,"column":12},"end":{"line":49,"column":49}},"16":{"start":{"line":50,"column":12},"end":{"line":50,"column":43}}},"branchMap":{"1":{"line":25,"type":"binary-expr","locations":[{"start":{"line":25,"column":23},"end":{"line":25,"column":62}},{"start":{"line":26,"column":20},"end":{"line":26,"column":70}},{"start":{"line":27,"column":20},"end":{"line":27,"column":71}},{"start":{"line":28,"column":20},"end":{"line":28,"column":29}}]},"2":{"line":30,"type":"binary-expr","locations":[{"start":{"line":30,"column":23},"end":{"line":30,"column":37}},{"start":{"line":31,"column":20},"end":{"line":31,"column":61}},{"start":{"line":32,"column":20},"end":{"line":32,"column":70}},{"start":{"line":33,"column":20},"end":{"line":33,"column":26}}]},"3":{"line":37,"type":"cond-expr","locations":[{"start":{"line":38,"column":14},"end":{"line":38,"column":20}},{"start":{"line":39,"column":14},"end":{"line":39,"column":20}}]},"4":{"line":41,"type":"binary-expr","locations":[{"start":{"line":41,"column":16},"end":{"line":41,"column":44}},{"start":{"line":41,"column":48},"end":{"line":41,"column":53}}]},"5":{"line":45,"type":"if","locations":[{"start":{"line":45,"column":8},"end":{"line":45,"column":8}},{"start":{"line":45,"column":8},"end":{"line":45,"column":8}}]}},"code":["/* istanbul instrument in package npmtest_warehouse */","/*jslint","    bitwise: true,","    browser: true,","    maxerr: 8,","    maxlen: 96,","    node: true,","    nomen: true,","    regexp: true,","    stupid: true","*/","(function () {","    'use strict';","    var local;","","","","    // run shared js-env code - pre-init","    (function () {","        // init local","        local = {};","        // init modeJs","        local.modeJs = (function () {","            try {","                return typeof navigator.userAgent === 'string' &&","                    typeof document.querySelector('body') === 'object' &&","                    typeof XMLHttpRequest.prototype.open === 'function' &&","                    'browser';","            } catch (errorCaughtBrowser) {","                return module.exports &&","                    typeof process.versions.node === 'string' &&","                    typeof require('http').createServer === 'function' &&","                    'node';","            }","        }());","        // init global","        local.global = local.modeJs === 'browser'","            ? window","            : global;","        // init utility2_rollup","        local = local.global.utility2_rollup || local;","        // init lib","        local.local = local.npmtest_warehouse = local;","        // init exports","        if (local.modeJs === 'browser') {","            local.global.utility2_npmtest_warehouse = local;","        } else {","            module.exports = local;","            module.exports.__dirname = __dirname;","            module.exports.module = module;","        }","    }());","}());",""],"l":{"12":2,"14":2,"19":2,"21":2,"23":2,"24":2,"25":2,"30":1,"37":2,"41":2,"43":2,"45":2,"46":1,"48":1,"49":1,"50":1}},"/home/travis/build/npmtest/node-npmtest-warehouse/example.js":{"path":"/home/travis/build/npmtest/node-npmtest-warehouse/example.js","s":{"1":2,"2":2,"3":2,"4":2,"5":2,"6":2,"7":2,"8":1,"9":2,"10":2,"11":2,"12":2,"13":1,"14":2,"15":2,"16":2,"17":2,"18":2,"19":0,"20":2,"21":1,"22":1,"23":1,"24":1,"25":1,"26":0,"27":0,"28":1,"29":1,"30":2,"31":0,"32":0,"33":0,"34":1,"35":2,"36":2,"37":3,"38":3,"39":3,"40":3,"41":0,"42":3,"43":3,"44":3,"45":1,"46":3,"47":1,"48":1,"49":1,"50":1,"51":1,"52":1,"53":1,"54":1,"55":1,"56":1,"57":0,"58":1,"59":6,"60":6,"61":1,"62":2,"63":0,"64":2,"65":1,"66":1,"67":0,"68":0,"69":0,"70":0,"71":0,"72":0,"73":0,"74":0,"75":0,"76":0,"77":0,"78":0,"79":0,"80":0,"81":0,"82":0,"83":0},"b":{"1":[2,1,1,1],"2":[1,1,1,1],"3":[1,1],"4":[2,2],"5":[1,1],"6":[1,1],"7":[2,0],"8":[2,1,1,1,1,1],"9":[0,2,0],"10":[1,1],"11":[2,1,1],"12":[1,0],"13":[0,2],"14":[2,0,0,0,0,0,0],"15":[0,3],"16":[3,0],"17":[1,1],"18":[0,1],"19":[1,2,0,2],"20":[1,0],"21":[1,1],"22":[0,0],"23":[0,0],"24":[0,0],"25":[0,0],"26":[0,0],"27":[0,0],"28":[0,0]},"f":{"1":2,"2":2,"3":2,"4":2,"5":2,"6":2,"7":3,"8":3,"9":3,"10":1,"11":6,"12":0},"fnMap":{"1":{"name":"(anonymous_1)","line":26,"loc":{"start":{"line":26,"column":1},"end":{"line":26,"column":13}}},"2":{"name":"(anonymous_2)","line":33,"loc":{"start":{"line":33,"column":5},"end":{"line":33,"column":17}}},"3":{"name":"(anonymous_3)","line":37,"loc":{"start":{"line":37,"column":24},"end":{"line":37,"column":36}}},"4":{"name":"(anonymous_4)","line":69,"loc":{"start":{"line":69,"column":31},"end":{"line":69,"column":48}},"skip":true},"5":{"name":"(anonymous_5)","line":78,"loc":{"start":{"line":78,"column":26},"end":{"line":78,"column":45}},"skip":true},"6":{"name":"(anonymous_6)","line":123,"loc":{"start":{"line":123,"column":33},"end":{"line":123,"column":48}},"skip":true},"7":{"name":"(anonymous_7)","line":125,"loc":{"start":{"line":125,"column":27},"end":{"line":125,"column":39}},"skip":true},"8":{"name":"(anonymous_8)","line":133,"loc":{"start":{"line":133,"column":59},"end":{"line":133,"column":74}},"skip":true},"9":{"name":"(anonymous_9)","line":143,"loc":{"start":{"line":143,"column":45},"end":{"line":143,"column":62}},"skip":true},"10":{"name":"(anonymous_10)","line":144,"loc":{"start":{"line":144,"column":73},"end":{"line":144,"column":92}},"skip":true},"11":{"name":"(anonymous_11)","line":272,"loc":{"start":{"line":272,"column":51},"end":{"line":272,"column":77}},"skip":true},"12":{"name":"(anonymous_12)","line":315,"loc":{"start":{"line":315,"column":32},"end":{"line":315,"column":61}},"skip":true}},"statementMap":{"1":{"start":{"line":26,"column":0},"end":{"line":326,"column":5}},"2":{"start":{"line":28,"column":4},"end":{"line":28,"column":14}},"3":{"start":{"line":33,"column":4},"end":{"line":60,"column":9}},"4":{"start":{"line":35,"column":8},"end":{"line":35,"column":19}},"5":{"start":{"line":37,"column":8},"end":{"line":49,"column":13}},"6":{"start":{"line":38,"column":12},"end":{"line":48,"column":13}},"7":{"start":{"line":39,"column":16},"end":{"line":42,"column":30}},"8":{"start":{"line":44,"column":16},"end":{"line":47,"column":27}},"9":{"start":{"line":51,"column":8},"end":{"line":53,"column":21}},"10":{"start":{"line":55,"column":8},"end":{"line":57,"column":45}},"11":{"start":{"line":59,"column":8},"end":{"line":59,"column":35}},"12":{"start":{"line":61,"column":4},"end":{"line":325,"column":5}},"13":{"start":{"line":69,"column":8},"end":{"line":121,"column":10},"skip":true},"14":{"start":{"line":70,"column":12},"end":{"line":88,"column":13},"skip":true},"15":{"start":{"line":76,"column":16},"end":{"line":87,"column":19},"skip":true},"16":{"start":{"line":79,"column":20},"end":{"line":86,"column":21},"skip":true},"17":{"start":{"line":82,"column":24},"end":{"line":82,"column":43},"skip":true},"18":{"start":{"line":83,"column":24},"end":{"line":83,"column":30},"skip":true},"19":{"start":{"line":85,"column":24},"end":{"line":85,"column":49},"skip":true},"20":{"start":{"line":89,"column":12},"end":{"line":107,"column":13},"skip":true},"21":{"start":{"line":92,"column":16},"end":{"line":102,"column":17},"skip":true},"22":{"start":{"line":93,"column":20},"end":{"line":93,"column":86},"skip":true},"23":{"start":{"line":94,"column":20},"end":{"line":95,"column":45},"skip":true},"24":{"start":{"line":96,"column":20},"end":{"line":96,"column":42},"skip":true},"25":{"start":{"line":97,"column":20},"end":{"line":97,"column":48},"skip":true},"26":{"start":{"line":100,"column":20},"end":{"line":100,"column":85},"skip":true},"27":{"start":{"line":101,"column":20},"end":{"line":101,"column":96},"skip":true},"28":{"start":{"line":103,"column":16},"end":{"line":103,"column":22},"skip":true},"29":{"start":{"line":106,"column":16},"end":{"line":106,"column":22},"skip":true},"30":{"start":{"line":108,"column":12},"end":{"line":120,"column":13},"skip":true},"31":{"start":{"line":114,"column":16},"end":{"line":119,"column":17},"skip":true},"32":{"start":{"line":116,"column":20},"end":{"line":116,"column":78},"skip":true},"33":{"start":{"line":118,"column":20},"end":{"line":118,"column":47},"skip":true},"34":{"start":{"line":123,"column":8},"end":{"line":141,"column":11},"skip":true},"35":{"start":{"line":124,"column":12},"end":{"line":124,"column":54},"skip":true},"36":{"start":{"line":125,"column":12},"end":{"line":140,"column":14},"skip":true},"37":{"start":{"line":126,"column":16},"end":{"line":126,"column":28},"skip":true},"38":{"start":{"line":127,"column":16},"end":{"line":127,"column":69},"skip":true},"39":{"start":{"line":128,"column":16},"end":{"line":128,"column":75},"skip":true},"40":{"start":{"line":129,"column":16},"end":{"line":131,"column":17},"skip":true},"41":{"start":{"line":130,"column":20},"end":{"line":130,"column":27},"skip":true},"42":{"start":{"line":133,"column":16},"end":{"line":137,"column":36},"skip":true},"43":{"start":{"line":134,"column":20},"end":{"line":136,"column":55},"skip":true},"44":{"start":{"line":139,"column":16},"end":{"line":139,"column":57},"skip":true},"45":{"start":{"line":143,"column":8},"end":{"line":147,"column":11},"skip":true},"46":{"start":{"line":144,"column":12},"end":{"line":146,"column":15},"skip":true},"47":{"start":{"line":145,"column":16},"end":{"line":145,"column":70},"skip":true},"48":{"start":{"line":149,"column":8},"end":{"line":149,"column":31},"skip":true},"49":{"start":{"line":150,"column":8},"end":{"line":150,"column":14},"skip":true},"50":{"start":{"line":158,"column":8},"end":{"line":158,"column":31},"skip":true},"51":{"start":{"line":160,"column":8},"end":{"line":160,"column":33},"skip":true},"52":{"start":{"line":161,"column":8},"end":{"line":161,"column":37},"skip":true},"53":{"start":{"line":162,"column":8},"end":{"line":162,"column":35},"skip":true},"54":{"start":{"line":164,"column":8},"end":{"line":164,"column":50},"skip":true},"55":{"start":{"line":166,"column":8},"end":{"line":256,"column":2},"skip":true},"56":{"start":{"line":258,"column":8},"end":{"line":286,"column":9},"skip":true},"57":{"start":{"line":259,"column":12},"end":{"line":269,"column":14},"skip":true},"58":{"start":{"line":271,"column":12},"end":{"line":285,"column":19},"skip":true},"59":{"start":{"line":274,"column":20},"end":{"line":274,"column":35},"skip":true},"60":{"start":{"line":275,"column":20},"end":{"line":284,"column":21},"skip":true},"61":{"start":{"line":277,"column":24},"end":{"line":277,"column":64},"skip":true},"62":{"start":{"line":279,"column":24},"end":{"line":279,"column":40},"skip":true},"63":{"start":{"line":281,"column":24},"end":{"line":281,"column":40},"skip":true},"64":{"start":{"line":283,"column":24},"end":{"line":283,"column":39},"skip":true},"65":{"start":{"line":288,"column":8},"end":{"line":290,"column":9},"skip":true},"66":{"start":{"line":289,"column":12},"end":{"line":289,"column":18},"skip":true},"67":{"start":{"line":291,"column":8},"end":{"line":293,"column":54},"skip":true},"68":{"start":{"line":296,"column":8},"end":{"line":301,"column":37},"skip":true},"69":{"start":{"line":303,"column":8},"end":{"line":303,"column":82},"skip":true},"70":{"start":{"line":306,"column":8},"end":{"line":308,"column":9},"skip":true},"71":{"start":{"line":307,"column":12},"end":{"line":307,"column":82},"skip":true},"72":{"start":{"line":310,"column":8},"end":{"line":312,"column":9},"skip":true},"73":{"start":{"line":311,"column":12},"end":{"line":311,"column":18},"skip":true},"74":{"start":{"line":313,"column":8},"end":{"line":313,"column":54},"skip":true},"75":{"start":{"line":314,"column":8},"end":{"line":314,"column":69},"skip":true},"76":{"start":{"line":315,"column":8},"end":{"line":323,"column":36},"skip":true},"77":{"start":{"line":316,"column":12},"end":{"line":316,"column":61},"skip":true},"78":{"start":{"line":317,"column":12},"end":{"line":320,"column":13},"skip":true},"79":{"start":{"line":318,"column":16},"end":{"line":318,"column":75},"skip":true},"80":{"start":{"line":319,"column":16},"end":{"line":319,"column":23},"skip":true},"81":{"start":{"line":321,"column":12},"end":{"line":321,"column":38},"skip":true},"82":{"start":{"line":322,"column":12},"end":{"line":322,"column":27},"skip":true},"83":{"start":{"line":324,"column":8},"end":{"line":324,"column":14},"skip":true}},"branchMap":{"1":{"line":39,"type":"binary-expr","locations":[{"start":{"line":39,"column":23},"end":{"line":39,"column":62}},{"start":{"line":40,"column":20},"end":{"line":40,"column":70}},{"start":{"line":41,"column":20},"end":{"line":41,"column":71}},{"start":{"line":42,"column":20},"end":{"line":42,"column":29}}]},"2":{"line":44,"type":"binary-expr","locations":[{"start":{"line":44,"column":23},"end":{"line":44,"column":37}},{"start":{"line":45,"column":20},"end":{"line":45,"column":61}},{"start":{"line":46,"column":20},"end":{"line":46,"column":70}},{"start":{"line":47,"column":20},"end":{"line":47,"column":26}}]},"3":{"line":51,"type":"cond-expr","locations":[{"start":{"line":52,"column":14},"end":{"line":52,"column":20}},{"start":{"line":53,"column":14},"end":{"line":53,"column":20}}]},"4":{"line":55,"type":"binary-expr","locations":[{"start":{"line":55,"column":16},"end":{"line":55,"column":44}},{"start":{"line":55,"column":49},"end":{"line":57,"column":43}}]},"5":{"line":55,"type":"cond-expr","locations":[{"start":{"line":56,"column":14},"end":{"line":56,"column":53}},{"start":{"line":57,"column":14},"end":{"line":57,"column":43}}]},"6":{"line":61,"type":"switch","locations":[{"start":{"line":68,"column":4},"end":{"line":150,"column":14},"skip":true},{"start":{"line":156,"column":4},"end":{"line":324,"column":14},"skip":true}]},"7":{"line":70,"type":"if","locations":[{"start":{"line":70,"column":12},"end":{"line":70,"column":12},"skip":true},{"start":{"line":70,"column":12},"end":{"line":70,"column":12},"skip":true}]},"8":{"line":70,"type":"binary-expr","locations":[{"start":{"line":70,"column":16},"end":{"line":70,"column":22},"skip":true},{"start":{"line":70,"column":27},"end":{"line":70,"column":32},"skip":true},{"start":{"line":71,"column":20},"end":{"line":71,"column":39},"skip":true},{"start":{"line":72,"column":20},"end":{"line":72,"column":49},"skip":true},{"start":{"line":73,"column":20},"end":{"line":73,"column":58},"skip":true},{"start":{"line":74,"column":20},"end":{"line":74,"column":69},"skip":true}]},"9":{"line":79,"type":"switch","locations":[{"start":{"line":80,"column":20},"end":{"line":80,"column":33},"skip":true},{"start":{"line":81,"column":20},"end":{"line":83,"column":30},"skip":true},{"start":{"line":84,"column":20},"end":{"line":85,"column":49},"skip":true}]},"10":{"line":89,"type":"switch","locations":[{"start":{"line":90,"column":12},"end":{"line":103,"column":22},"skip":true},{"start":{"line":105,"column":12},"end":{"line":106,"column":22},"skip":true}]},"11":{"line":89,"type":"binary-expr","locations":[{"start":{"line":89,"column":20},"end":{"line":89,"column":25},"skip":true},{"start":{"line":89,"column":29},"end":{"line":89,"column":48},"skip":true},{"start":{"line":89,"column":52},"end":{"line":89,"column":74},"skip":true}]},"12":{"line":92,"type":"if","locations":[{"start":{"line":92,"column":16},"end":{"line":92,"column":16},"skip":true},{"start":{"line":92,"column":16},"end":{"line":92,"column":16},"skip":true}]},"13":{"line":108,"type":"if","locations":[{"start":{"line":108,"column":12},"end":{"line":108,"column":12},"skip":true},{"start":{"line":108,"column":12},"end":{"line":108,"column":12},"skip":true}]},"14":{"line":108,"type":"binary-expr","locations":[{"start":{"line":108,"column":16},"end":{"line":108,"column":61},"skip":true},{"start":{"line":108,"column":66},"end":{"line":108,"column":72},"skip":true},{"start":{"line":108,"column":77},"end":{"line":108,"column":82},"skip":true},{"start":{"line":109,"column":20},"end":{"line":109,"column":39},"skip":true},{"start":{"line":110,"column":20},"end":{"line":110,"column":49},"skip":true},{"start":{"line":111,"column":20},"end":{"line":111,"column":58},"skip":true},{"start":{"line":112,"column":20},"end":{"line":112,"column":68},"skip":true}]},"15":{"line":129,"type":"if","locations":[{"start":{"line":129,"column":16},"end":{"line":129,"column":16},"skip":true},{"start":{"line":129,"column":16},"end":{"line":129,"column":16},"skip":true}]},"16":{"line":134,"type":"cond-expr","locations":[{"start":{"line":135,"column":26},"end":{"line":135,"column":29},"skip":true},{"start":{"line":136,"column":26},"end":{"line":136,"column":54},"skip":true}]},"17":{"line":164,"type":"binary-expr","locations":[{"start":{"line":164,"column":27},"end":{"line":164,"column":43},"skip":true},{"start":{"line":164,"column":47},"end":{"line":164,"column":49},"skip":true}]},"18":{"line":258,"type":"if","locations":[{"start":{"line":258,"column":8},"end":{"line":258,"column":8},"skip":true},{"start":{"line":258,"column":8},"end":{"line":258,"column":8},"skip":true}]},"19":{"line":275,"type":"switch","locations":[{"start":{"line":276,"column":20},"end":{"line":277,"column":64},"skip":true},{"start":{"line":278,"column":20},"end":{"line":279,"column":40},"skip":true},{"start":{"line":280,"column":20},"end":{"line":281,"column":40},"skip":true},{"start":{"line":282,"column":20},"end":{"line":283,"column":39},"skip":true}]},"20":{"line":288,"type":"if","locations":[{"start":{"line":288,"column":8},"end":{"line":288,"column":8},"skip":true},{"start":{"line":288,"column":8},"end":{"line":288,"column":8},"skip":true}]},"21":{"line":288,"type":"binary-expr","locations":[{"start":{"line":288,"column":12},"end":{"line":288,"column":40},"skip":true},{"start":{"line":288,"column":44},"end":{"line":288,"column":67},"skip":true}]},"22":{"line":292,"type":"binary-expr","locations":[{"start":{"line":292,"column":12},"end":{"line":292,"column":50},"skip":true},{"start":{"line":293,"column":12},"end":{"line":293,"column":53},"skip":true}]},"23":{"line":297,"type":"binary-expr","locations":[{"start":{"line":297,"column":12},"end":{"line":297,"column":67},"skip":true},{"start":{"line":298,"column":12},"end":{"line":301,"column":36},"skip":true}]},"24":{"line":303,"type":"binary-expr","locations":[{"start":{"line":303,"column":43},"end":{"line":303,"column":75},"skip":true},{"start":{"line":303,"column":79},"end":{"line":303,"column":81},"skip":true}]},"25":{"line":306,"type":"if","locations":[{"start":{"line":306,"column":8},"end":{"line":306,"column":8},"skip":true},{"start":{"line":306,"column":8},"end":{"line":306,"column":8},"skip":true}]},"26":{"line":310,"type":"if","locations":[{"start":{"line":310,"column":8},"end":{"line":310,"column":8},"skip":true},{"start":{"line":310,"column":8},"end":{"line":310,"column":8},"skip":true}]},"27":{"line":313,"type":"binary-expr","locations":[{"start":{"line":313,"column":27},"end":{"line":313,"column":43},"skip":true},{"start":{"line":313,"column":47},"end":{"line":313,"column":53},"skip":true}]},"28":{"line":317,"type":"if","locations":[{"start":{"line":317,"column":12},"end":{"line":317,"column":12},"skip":true},{"start":{"line":317,"column":12},"end":{"line":317,"column":12},"skip":true}]}},"code":["/*","example.js","","quickstart example","","instruction","    1. save this script as example.js","    2. run the shell command:","        $ npm install npmtest-warehouse && PORT=8081 node example.js","    3. play with the browser-demo on http://127.0.0.1:8081","*/","","","","/* istanbul instrument in package npmtest_warehouse */","/*jslint","    bitwise: true,","    browser: true,","    maxerr: 8,","    maxlen: 96,","    node: true,","    nomen: true,","    regexp: true,","    stupid: true","*/","(function () {","    'use strict';","    var local;","","","","    // run shared js-env code - pre-init","    (function () {","        // init local","        local = {};","        // init modeJs","        local.modeJs = (function () {","            try {","                return typeof navigator.userAgent === 'string' &&","                    typeof document.querySelector('body') === 'object' &&","                    typeof XMLHttpRequest.prototype.open === 'function' &&","                    'browser';","            } catch (errorCaughtBrowser) {","                return module.exports &&","                    typeof process.versions.node === 'string' &&","                    typeof require('http').createServer === 'function' &&","                    'node';","            }","        }());","        // init global","        local.global = local.modeJs === 'browser'","            ? window","            : global;","        // init utility2_rollup","        local = local.global.utility2_rollup || (local.modeJs === 'browser'","            ? local.global.utility2_npmtest_warehouse","            : global.utility2_moduleExports);","        // export local","        local.global.local = local;","    }());","    switch (local.modeJs) {","","","","    // post-init","    // run browser js-env code - post-init","    /* istanbul ignore next */","    case 'browser':","        local.testRunBrowser = function (event) {","            if (!event || (event &&","                    event.currentTarget &&","                    event.currentTarget.className &&","                    event.currentTarget.className.includes &&","                    event.currentTarget.className.includes('onreset'))) {","                // reset output","                Array.from(","                    document.querySelectorAll('body > .resettable')","                ).forEach(function (element) {","                    switch (element.tagName) {","                    case 'INPUT':","                    case 'TEXTAREA':","                        element.value = '';","                        break;","                    default:","                        element.textContent = '';","                    }","                });","            }","            switch (event && event.currentTarget && event.currentTarget.id) {","            case 'testRunButton1':","                // show tests","                if (document.querySelector('#testReportDiv1').style.display === 'none') {","                    document.querySelector('#testReportDiv1').style.display = 'block';","                    document.querySelector('#testRunButton1').textContent =","                        'hide internal test';","                    local.modeTest = true;","                    local.testRunDefault(local);","                // hide tests","                } else {","                    document.querySelector('#testReportDiv1').style.display = 'none';","                    document.querySelector('#testRunButton1').textContent = 'run internal test';","                }","                break;","            // custom-case","            default:","                break;","            }","            if (document.querySelector('#inputTextareaEval1') && (!event || (event &&","                    event.currentTarget &&","                    event.currentTarget.className &&","                    event.currentTarget.className.includes &&","                    event.currentTarget.className.includes('oneval')))) {","                // try to eval input-code","                try {","                    /*jslint evil: true*/","                    eval(document.querySelector('#inputTextareaEval1').value);","                } catch (errorCaught) {","                    console.error(errorCaught);","                }","            }","        };","        // log stderr and stdout to #outputTextareaStdout1","        ['error', 'log'].forEach(function (key) {","            console[key + '_original'] = console[key];","            console[key] = function () {","                var element;","                console[key + '_original'].apply(console, arguments);","                element = document.querySelector('#outputTextareaStdout1');","                if (!element) {","                    return;","                }","                // append text to #outputTextareaStdout1","                element.value += Array.from(arguments).map(function (arg) {","                    return typeof arg === 'string'","                        ? arg","                        : JSON.stringify(arg, null, 4);","                }).join(' ') + '\\n';","                // scroll textarea to bottom","                element.scrollTop = element.scrollHeight;","            };","        });","        // init event-handling","        ['change', 'click', 'keyup'].forEach(function (event) {","            Array.from(document.querySelectorAll('.on' + event)).forEach(function (element) {","                element.addEventListener(event, local.testRunBrowser);","            });","        });","        // run tests","        local.testRunBrowser();","        break;","","","","    // run node js-env code - post-init","    /* istanbul ignore next */","    case 'node':","        // export local","        module.exports = local;","        // require modules","        local.fs = require('fs');","        local.http = require('http');","        local.url = require('url');","        // init assets","        local.assetsDict = local.assetsDict || {};","        /* jslint-ignore-begin */","        local.assetsDict['/assets.index.template.html'] = '\\","<!doctype html>\\n\\","<html lang=\"en\">\\n\\","<head>\\n\\","<meta charset=\"UTF-8\">\\n\\","<meta name=\"viewport\" content=\"width=device-width, initial-scale=1\">\\n\\","<title>{{env.npm_package_name}} (v{{env.npm_package_version}})</title>\\n\\","<style>\\n\\","/*csslint\\n\\","    box-sizing: false,\\n\\","    universal-selector: false\\n\\","*/\\n\\","* {\\n\\","    box-sizing: border-box;\\n\\","}\\n\\","body {\\n\\","    background: #dde;\\n\\","    font-family: Arial, Helvetica, sans-serif;\\n\\","    margin: 2rem;\\n\\","}\\n\\","body > * {\\n\\","    margin-bottom: 1rem;\\n\\","}\\n\\",".utility2FooterDiv {\\n\\","    margin-top: 20px;\\n\\","    text-align: center;\\n\\","}\\n\\","</style>\\n\\","<style>\\n\\","/*csslint\\n\\","*/\\n\\","textarea {\\n\\","    font-family: monospace;\\n\\","    height: 10rem;\\n\\","    width: 100%;\\n\\","}\\n\\","textarea[readonly] {\\n\\","    background: #ddd;\\n\\","}\\n\\","</style>\\n\\","</head>\\n\\","<body>\\n\\","<!-- utility2-comment\\n\\","<div id=\"ajaxProgressDiv1\" style=\"background: #d00; height: 2px; left: 0; margin: 0; padding: 0; position: fixed; top: 0; transition: background 0.5s, width 1.5s; width: 25%;\"></div>\\n\\","utility2-comment -->\\n\\","<h1>\\n\\","<!-- utility2-comment\\n\\","    <a\\n\\","        {{#if env.npm_package_homepage}}\\n\\","        href=\"{{env.npm_package_homepage}}\"\\n\\","        {{/if env.npm_package_homepage}}\\n\\","        target=\"_blank\"\\n\\","    >\\n\\","utility2-comment -->\\n\\","        {{env.npm_package_name}} (v{{env.npm_package_version}})\\n\\","<!-- utility2-comment\\n\\","    </a>\\n\\","utility2-comment -->\\n\\","</h1>\\n\\","<h3>{{env.npm_package_description}}</h3>\\n\\","<!-- utility2-comment\\n\\","<h4><a download href=\"assets.app.js\">download standalone app</a></h4>\\n\\","<button class=\"onclick onreset\" id=\"testRunButton1\">run internal test</button><br>\\n\\","<div id=\"testReportDiv1\" style=\"display: none;\"></div>\\n\\","utility2-comment -->\\n\\","\\n\\","\\n\\","\\n\\","<label>stderr and stdout</label>\\n\\","<textarea class=\"resettable\" id=\"outputTextareaStdout1\" readonly></textarea>\\n\\","<!-- utility2-comment\\n\\","{{#if isRollup}}\\n\\","<script src=\"assets.app.js\"></script>\\n\\","{{#unless isRollup}}\\n\\","utility2-comment -->\\n\\","<script src=\"assets.utility2.rollup.js\"></script>\\n\\","<script src=\"jsonp.utility2._stateInit?callback=window.utility2._stateInit\"></script>\\n\\","<script src=\"assets.npmtest_warehouse.rollup.js\"></script>\\n\\","<script src=\"assets.example.js\"></script>\\n\\","<script src=\"assets.test.js\"></script>\\n\\","<!-- utility2-comment\\n\\","{{/if isRollup}}\\n\\","utility2-comment -->\\n\\","<div class=\"utility2FooterDiv\">\\n\\","    [ this app was created with\\n\\","    <a href=\"https://github.com/kaizhu256/node-utility2\" target=\"_blank\">utility2</a>\\n\\","    ]\\n\\","</div>\\n\\","</body>\\n\\","</html>\\n\\","';","        /* jslint-ignore-end */","        if (local.templateRender) {","            local.assetsDict['/'] = local.templateRender(","                local.assetsDict['/assets.index.template.html'],","                {","                    env: local.objectSetDefault(local.env, {","                        npm_package_description: 'the greatest app in the world!',","                        npm_package_name: 'my-app',","                        npm_package_nameAlias: 'my_app',","                        npm_package_version: '0.0.1'","                    })","                }","            );","        } else {","            local.assetsDict['/'] = local.assetsDict['/assets.index.template.html']","                .replace((/\\{\\{env\\.(\\w+?)\\}\\}/g), function (match0, match1) {","                    // jslint-hack","                    String(match0);","                    switch (match1) {","                    case 'npm_package_description':","                        return 'the greatest app in the world!';","                    case 'npm_package_name':","                        return 'my-app';","                    case 'npm_package_nameAlias':","                        return 'my_app';","                    case 'npm_package_version':","                        return '0.0.1';","                    }","                });","        }","        // run the cli","        if (local.global.utility2_rollup || module !== require.main) {","            break;","        }","        local.assetsDict['/assets.example.js'] =","            local.assetsDict['/assets.example.js'] ||","            local.fs.readFileSync(__filename, 'utf8');","        // bug-workaround - long $npm_package_buildCustomOrg","        /* jslint-ignore-begin */","        local.assetsDict['/assets.npmtest_warehouse.rollup.js'] =","            local.assetsDict['/assets.npmtest_warehouse.rollup.js'] ||","            local.fs.readFileSync(","                local.npmtest_warehouse.__dirname + '/lib.npmtest_warehouse.js',","                'utf8'","            ).replace((/^#!/), '//');","        /* jslint-ignore-end */","        local.assetsDict['/favicon.ico'] = local.assetsDict['/favicon.ico'] || '';","        // if $npm_config_timeout_exit exists,","        // then exit this process after $npm_config_timeout_exit ms","        if (Number(process.env.npm_config_timeout_exit)) {","            setTimeout(process.exit, Number(process.env.npm_config_timeout_exit));","        }","        // start server","        if (local.global.utility2_serverHttp1) {","            break;","        }","        process.env.PORT = process.env.PORT || '8081';","        console.error('server starting on port ' + process.env.PORT);","        local.http.createServer(function (request, response) {","            request.urlParsed = local.url.parse(request.url);","            if (local.assetsDict[request.urlParsed.pathname] !== undefined) {","                response.end(local.assetsDict[request.urlParsed.pathname]);","                return;","            }","            response.statusCode = 404;","            response.end();","        }).listen(process.env.PORT);","        break;","    }","}());",""],"l":{"26":2,"28":2,"33":2,"35":2,"37":2,"38":2,"39":2,"44":1,"51":2,"55":2,"59":2,"61":2,"69":1,"70":2,"76":2,"79":2,"82":2,"83":2,"85":1,"89":2,"92":1,"93":1,"94":1,"96":1,"97":1,"100":1,"101":1,"103":1,"106":1,"108":2,"114":1,"116":1,"118":1,"123":1,"124":2,"125":2,"126":3,"127":3,"128":3,"129":3,"130":1,"133":3,"134":3,"139":3,"143":1,"144":3,"145":1,"149":1,"150":1,"158":1,"160":1,"161":1,"162":1,"164":1,"166":1,"258":1,"259":1,"271":1,"274":6,"275":6,"277":1,"279":2,"281":1,"283":2,"288":1,"289":1,"291":1,"296":1,"303":1,"306":1,"307":1,"310":1,"311":1,"313":1,"314":1,"315":1,"316":1,"317":1,"318":1,"319":1,"321":1,"322":1,"324":1}},"/home/travis/build/npmtest/node-npmtest-warehouse/node_modules/warehouse/lib/database.js":{"path":"/home/travis/build/npmtest/node-npmtest-warehouse/node_modules/warehouse/lib/database.js","s":{"1":1,"2":1,"3":1,"4":1,"5":1,"6":1,"7":1,"8":1,"9":1,"10":1,"11":1,"12":1,"13":0,"14":0,"15":0,"16":0,"17":0,"18":0,"19":1,"20":0,"21":0,"22":0,"23":0,"24":1,"25":0,"26":0,"27":0,"28":0,"29":0,"30":0,"31":0,"32":0,"33":0,"34":0,"35":0,"36":0,"37":0,"38":0,"39":0,"40":0,"41":0,"42":0,"43":0,"44":0,"45":0,"46":1,"47":0,"48":0,"49":0,"50":0,"51":0,"52":0,"53":0,"54":0,"55":0,"56":0,"57":0,"58":0,"59":0,"60":0,"61":0,"62":0,"63":0,"64":0,"65":0,"66":0,"67":0,"68":0,"69":0,"70":1,"71":1,"72":1,"73":1},"b":{"1":[0,0],"2":[0,0],"3":[0,0],"4":[0,0],"5":[0,0],"6":[0,0],"7":[0,0],"8":[0,0],"9":[0,0]},"f":{"1":0,"2":0,"3":0,"4":0,"5":0,"6":0,"7":0,"8":0,"9":0,"10":0,"11":0,"12":0},"fnMap":{"1":{"name":"Database","line":25,"loc":{"start":{"line":25,"column":0},"end":{"line":25,"column":27}}},"2":{"name":"(anonymous_2)","line":28,"loc":{"start":{"line":28,"column":15},"end":{"line":28,"column":26}}},"3":{"name":"(anonymous_3)","line":30,"loc":{"start":{"line":30,"column":17},"end":{"line":30,"column":28}}},"4":{"name":"(anonymous_4)","line":35,"loc":{"start":{"line":35,"column":28},"end":{"line":35,"column":51}}},"5":{"name":"(anonymous_5)","line":50,"loc":{"start":{"line":50,"column":27},"end":{"line":50,"column":50}}},"6":{"name":"(anonymous_6)","line":65,"loc":{"start":{"line":65,"column":26},"end":{"line":65,"column":45}}},"7":{"name":"(anonymous_7)","line":71,"loc":{"start":{"line":71,"column":21},"end":{"line":71,"column":47}}},"8":{"name":"(anonymous_8)","line":75,"loc":{"start":{"line":75,"column":48},"end":{"line":75,"column":70}}},"9":{"name":"(anonymous_9)","line":93,"loc":{"start":{"line":93,"column":17},"end":{"line":93,"column":28}}},"10":{"name":"(anonymous_10)","line":96,"loc":{"start":{"line":96,"column":10},"end":{"line":96,"column":31}}},"11":{"name":"(anonymous_11)","line":113,"loc":{"start":{"line":113,"column":26},"end":{"line":113,"column":45}}},"12":{"name":"(anonymous_12)","line":119,"loc":{"start":{"line":119,"column":21},"end":{"line":119,"column":47}}}},"statementMap":{"1":{"start":{"line":3,"column":0},"end":{"line":3,"column":39}},"2":{"start":{"line":4,"column":0},"end":{"line":4,"column":34}},"3":{"start":{"line":5,"column":0},"end":{"line":5,"column":32}},"4":{"start":{"line":6,"column":0},"end":{"line":6,"column":26}},"5":{"start":{"line":7,"column":0},"end":{"line":7,"column":31}},"6":{"start":{"line":8,"column":0},"end":{"line":8,"column":33}},"7":{"start":{"line":9,"column":0},"end":{"line":9,"column":41}},"8":{"start":{"line":10,"column":0},"end":{"line":10,"column":29}},"9":{"start":{"line":11,"column":0},"end":{"line":11,"column":40}},"10":{"start":{"line":12,"column":0},"end":{"line":12,"column":37}},"11":{"start":{"line":13,"column":0},"end":{"line":13,"column":22}},"12":{"start":{"line":25,"column":0},"end":{"line":41,"column":1}},"13":{"start":{"line":26,"column":2},"end":{"line":31,"column":14}},"14":{"start":{"line":33,"column":2},"end":{"line":33,"column":20}},"15":{"start":{"line":35,"column":2},"end":{"line":37,"column":4}},"16":{"start":{"line":36,"column":4},"end":{"line":36,"column":35}},"17":{"start":{"line":39,"column":2},"end":{"line":39,"column":31}},"18":{"start":{"line":40,"column":2},"end":{"line":40,"column":36}},"19":{"start":{"line":50,"column":0},"end":{"line":57,"column":2}},"20":{"start":{"line":51,"column":2},"end":{"line":53,"column":3}},"21":{"start":{"line":52,"column":4},"end":{"line":52,"column":30}},"22":{"start":{"line":55,"column":2},"end":{"line":55,"column":64}},"23":{"start":{"line":56,"column":2},"end":{"line":56,"column":15}},"24":{"start":{"line":65,"column":0},"end":{"line":105,"column":2}},"25":{"start":{"line":66,"column":2},"end":{"line":66,"column":31}},"26":{"start":{"line":67,"column":2},"end":{"line":67,"column":18}},"27":{"start":{"line":69,"column":2},"end":{"line":69,"column":66}},"28":{"start":{"line":69,"column":13},"end":{"line":69,"column":66}},"29":{"start":{"line":71,"column":2},"end":{"line":104,"column":26}},"30":{"start":{"line":72,"column":4},"end":{"line":72,"column":60}},"31":{"start":{"line":73,"column":4},"end":{"line":73,"column":23}},"32":{"start":{"line":75,"column":4},"end":{"line":88,"column":7}},"33":{"start":{"line":76,"column":6},"end":{"line":87,"column":7}},"34":{"start":{"line":78,"column":10},"end":{"line":80,"column":11}},"35":{"start":{"line":79,"column":12},"end":{"line":79,"column":31}},"36":{"start":{"line":82,"column":10},"end":{"line":82,"column":16}},"37":{"start":{"line":85,"column":10},"end":{"line":85,"column":50}},"38":{"start":{"line":86,"column":10},"end":{"line":86,"column":16}},"39":{"start":{"line":90,"column":4},"end":{"line":95,"column":9}},"40":{"start":{"line":94,"column":8},"end":{"line":94,"column":28}},"41":{"start":{"line":97,"column":4},"end":{"line":97,"column":42}},"42":{"start":{"line":99,"column":4},"end":{"line":103,"column":5}},"43":{"start":{"line":100,"column":6},"end":{"line":100,"column":60}},"44":{"start":{"line":101,"column":11},"end":{"line":103,"column":5}},"45":{"start":{"line":102,"column":6},"end":{"line":102,"column":62}},"46":{"start":{"line":113,"column":0},"end":{"line":156,"column":2}},"47":{"start":{"line":114,"column":2},"end":{"line":114,"column":31}},"48":{"start":{"line":115,"column":2},"end":{"line":115,"column":18}},"49":{"start":{"line":117,"column":2},"end":{"line":117,"column":66}},"50":{"start":{"line":117,"column":13},"end":{"line":117,"column":66}},"51":{"start":{"line":119,"column":2},"end":{"line":155,"column":26}},"52":{"start":{"line":120,"column":4},"end":{"line":120,"column":44}},"53":{"start":{"line":123,"column":4},"end":{"line":123,"column":22}},"54":{"start":{"line":126,"column":4},"end":{"line":129,"column":14}},"55":{"start":{"line":132,"column":4},"end":{"line":132,"column":30}},"56":{"start":{"line":133,"column":4},"end":{"line":133,"column":35}},"57":{"start":{"line":134,"column":4},"end":{"line":134,"column":19}},"58":{"start":{"line":136,"column":4},"end":{"line":136,"column":31}},"59":{"start":{"line":138,"column":4},"end":{"line":146,"column":5}},"60":{"start":{"line":139,"column":6},"end":{"line":139,"column":20}},"61":{"start":{"line":140,"column":6},"end":{"line":140,"column":26}},"62":{"start":{"line":142,"column":6},"end":{"line":142,"column":27}},"63":{"start":{"line":142,"column":18},"end":{"line":142,"column":27}},"64":{"start":{"line":144,"column":6},"end":{"line":144,"column":31}},"65":{"start":{"line":144,"column":13},"end":{"line":144,"column":31}},"66":{"start":{"line":145,"column":6},"end":{"line":145,"column":55}},"67":{"start":{"line":148,"column":4},"end":{"line":148,"column":22}},"68":{"start":{"line":151,"column":4},"end":{"line":151,"column":20}},"69":{"start":{"line":153,"column":4},"end":{"line":154,"column":29}},"70":{"start":{"line":158,"column":0},"end":{"line":158,"column":53}},"71":{"start":{"line":159,"column":0},"end":{"line":159,"column":65}},"72":{"start":{"line":160,"column":0},"end":{"line":160,"column":31}},"73":{"start":{"line":162,"column":0},"end":{"line":162,"column":26}}},"branchMap":{"1":{"line":51,"type":"if","locations":[{"start":{"line":51,"column":2},"end":{"line":51,"column":2}},{"start":{"line":51,"column":2},"end":{"line":51,"column":2}}]},"2":{"line":69,"type":"if","locations":[{"start":{"line":69,"column":2},"end":{"line":69,"column":2}},{"start":{"line":69,"column":2},"end":{"line":69,"column":2}}]},"3":{"line":76,"type":"switch","locations":[{"start":{"line":77,"column":8},"end":{"line":82,"column":16}},{"start":{"line":84,"column":8},"end":{"line":86,"column":16}}]},"4":{"line":78,"type":"if","locations":[{"start":{"line":78,"column":10},"end":{"line":78,"column":10}},{"start":{"line":78,"column":10},"end":{"line":78,"column":10}}]},"5":{"line":99,"type":"if","locations":[{"start":{"line":99,"column":4},"end":{"line":99,"column":4}},{"start":{"line":99,"column":4},"end":{"line":99,"column":4}}]},"6":{"line":101,"type":"if","locations":[{"start":{"line":101,"column":11},"end":{"line":101,"column":11}},{"start":{"line":101,"column":11},"end":{"line":101,"column":11}}]},"7":{"line":117,"type":"if","locations":[{"start":{"line":117,"column":2},"end":{"line":117,"column":2}},{"start":{"line":117,"column":2},"end":{"line":117,"column":2}}]},"8":{"line":142,"type":"if","locations":[{"start":{"line":142,"column":6},"end":{"line":142,"column":6}},{"start":{"line":142,"column":6},"end":{"line":142,"column":6}}]},"9":{"line":144,"type":"if","locations":[{"start":{"line":144,"column":6},"end":{"line":144,"column":6}},{"start":{"line":144,"column":6},"end":{"line":144,"column":6}}]}},"code":["'use strict';","","var JSONStream = require('JSONStream');","var Promise = require('bluebird');","var fs = require('graceful-fs');","var _ = require('lodash');","var Model = require('./model');","var Schema = require('./schema');","var SchemaType = require('./schematype');","var util = require('./util');","var WarehouseError = require('./error');","var pkg = require('../package.json');","var extend = _.assign;","","/**"," * Database constructor."," *"," * @class"," * @param {object} [options]"," *   @param {number} [options.version=0] Database version"," *   @param {string} [options.path] Database path"," *   @param {function} [options.onUpgrade] Triggered when the database is upgraded"," *   @param {function} [options.onDowngrade] Triggered when the database is downgraded"," */","function Database(options) {","  this.options = extend({","    version: 0,","    onUpgrade: function() {},","","    onDowngrade: function() {}","  }, options);","","  this._models = {};","","  var _Model = this.Model = function(name, schema) {","    Model.call(this, name, schema);","  };","","  util.inherits(_Model, Model);","  _Model.prototype._database = this;","}","","/**"," * Creates a new model."," *"," * @param {string} name"," * @param {Schema|object} [schema]"," * @return {Model}"," */","Database.prototype.model = function(name, schema) {","  if (this._models[name]) {","    return this._models[name];","  }","","  var model = this._models[name] = new this.Model(name, schema);","  return model;","};","","/**"," * Loads database."," *"," * @param {function} [callback]"," * @return {Promise}"," */","Database.prototype.load = function(callback) {","  var path = this.options.path;","  var self = this;","","  if (!path) throw new WarehouseError('options.path is required');","","  return new Promise(function(resolve, reject) {","    var src = fs.createReadStream(path, {encoding: 'utf8'});","    var oldVersion = 0;","","    var stream = JSONStream.parse([true, true], function(value, keys) {","      switch (keys.shift()){","        case 'meta':","          if (keys.shift() === 'version') {","            oldVersion = value;","          }","","          break;","","        case 'models':","          self.model(keys.shift())._import(value);","          break;","      }","    });","","    src","      .pipe(stream)","      .on('error', reject)","      .on('end', function() {","        resolve(oldVersion);","      });","  }).then(function(oldVersion) {","    var newVersion = self.options.version;","","    if (newVersion > oldVersion) {","      return self.options.onUpgrade(oldVersion, newVersion);","    } else if (newVersion < oldVersion) {","      return self.options.onDowngrade(oldVersion, newVersion);","    }","  }).asCallback(callback);","};","","/**"," * Saves database."," *"," * @param {function} [callback]"," * @return {Promise}"," */","Database.prototype.save = function(callback) {","  var path = this.options.path;","  var self = this;","","  if (!path) throw new WarehouseError('options.path is required');","","  return new Promise(function(resolve, reject) {","    var stream = fs.createWriteStream(path);","","    // Start","    stream.write('{');","","    // Meta","    stream.write('\"meta\":' + JSON.stringify({","      version: self.options.version,","      warehouse: pkg.version","    }) + ',');","","    // Export models","    var models = self._models;","    var keys = Object.keys(models);","    var model, key;","","    stream.write('\"models\":{');","","    for (var i = 0, len = keys.length; i < len; i++) {","      key = keys[i];","      model = models[key];","","      if (!model) continue;","","      if (i) stream.write(',');","      stream.write('\"' + key + '\":' + model._export());","    }","","    stream.write('}');","","    // End","    stream.end('}');","","    stream.on('error', reject)","      .on('finish', resolve);","  }).asCallback(callback);","};","","Database.Schema = Database.prototype.Schema = Schema;","Database.SchemaType = Database.prototype.SchemaType = SchemaType;","Database.version = pkg.version;","","module.exports = Database;",""],"l":{"3":1,"4":1,"5":1,"6":1,"7":1,"8":1,"9":1,"10":1,"11":1,"12":1,"13":1,"25":1,"26":0,"33":0,"35":0,"36":0,"39":0,"40":0,"50":1,"51":0,"52":0,"55":0,"56":0,"65":1,"66":0,"67":0,"69":0,"71":0,"72":0,"73":0,"75":0,"76":0,"78":0,"79":0,"82":0,"85":0,"86":0,"90":0,"94":0,"97":0,"99":0,"100":0,"101":0,"102":0,"113":1,"114":0,"115":0,"117":0,"119":0,"120":0,"123":0,"126":0,"132":0,"133":0,"134":0,"136":0,"138":0,"139":0,"140":0,"142":0,"144":0,"145":0,"148":0,"151":0,"153":0,"158":1,"159":1,"160":1,"162":1}},"/home/travis/build/npmtest/node-npmtest-warehouse/node_modules/warehouse/lib/model.js":{"path":"/home/travis/build/npmtest/node-npmtest-warehouse/node_modules/warehouse/lib/model.js","s":{"1":1,"2":1,"3":1,"4":1,"5":1,"6":1,"7":1,"8":1,"9":1,"10":1,"11":1,"12":1,"13":1,"14":1,"15":1,"16":1,"17":1,"18":1,"19":1,"20":0,"21":0,"22":0,"23":0,"24":0,"25":0,"26":0,"27":0,"28":0,"29":0,"30":0,"31":0,"32":0,"33":0,"34":0,"35":0,"36":0,"37":0,"38":0,"39":0,"40":0,"41":0,"42":0,"43":0,"44":0,"45":0,"46":0,"47":0,"48":0,"49":0,"50":0,"51":0,"52":0,"53":0,"54":0,"55":1,"56":1,"57":0,"58":1,"59":0,"60":0,"61":0,"62":0,"63":0,"64":0,"65":1,"66":1,"67":0,"68":1,"69":0,"70":0,"71":0,"72":0,"73":0,"74":1,"75":0,"76":0,"77":0,"78":0,"79":1,"80":0,"81":0,"82":0,"83":0,"84":0,"85":0,"86":0,"87":0,"88":0,"89":0,"90":0,"91":0,"92":0,"93":0,"94":0,"95":1,"96":0,"97":0,"98":0,"99":1,"100":0,"101":0,"102":0,"103":0,"104":0,"105":1,"106":0,"107":0,"108":0,"109":0,"110":0,"111":0,"112":0,"113":0,"114":1,"115":0,"116":0,"117":0,"118":0,"119":0,"120":0,"121":0,"122":0,"123":0,"124":0,"125":0,"126":0,"127":0,"128":0,"129":0,"130":1,"131":0,"132":0,"133":0,"134":0,"135":1,"136":0,"137":1,"138":0,"139":0,"140":0,"141":0,"142":0,"143":0,"144":0,"145":0,"146":0,"147":0,"148":0,"149":0,"150":1,"151":0,"152":0,"153":0,"154":1,"155":0,"156":1,"157":0,"158":0,"159":0,"160":0,"161":0,"162":0,"163":0,"164":0,"165":0,"166":0,"167":1,"168":0,"169":0,"170":0,"171":1,"172":0,"173":1,"174":0,"175":1,"176":0,"177":1,"178":1,"179":0,"180":0,"181":0,"182":0,"183":0,"184":0,"185":0,"186":1,"187":1,"188":0,"189":0,"190":0,"191":0,"192":1,"193":0,"194":0,"195":0,"196":0,"197":0,"198":0,"199":0,"200":0,"201":0,"202":0,"203":0,"204":0,"205":0,"206":0,"207":0,"208":0,"209":0,"210":0,"211":1,"212":0,"213":0,"214":0,"215":0,"216":1,"217":0,"218":0,"219":0,"220":1,"221":0,"222":0,"223":0,"224":0,"225":0,"226":0,"227":0,"228":0,"229":0,"230":0,"231":0,"232":0,"233":1,"234":0,"235":1,"236":0,"237":1,"238":0,"239":0,"240":0,"241":0,"242":0,"243":0,"244":0,"245":0,"246":0,"247":0,"248":0,"249":0,"250":0,"251":0,"252":0,"253":0,"254":0,"255":0,"256":0,"257":0,"258":0,"259":0,"260":0,"261":0,"262":0,"263":0,"264":0,"265":1,"266":0,"267":1,"268":0,"269":1,"270":0,"271":1,"272":0,"273":1,"274":1,"275":0,"276":0,"277":0,"278":0,"279":1,"280":0,"281":0,"282":0,"283":0,"284":0,"285":0,"286":0,"287":0,"288":0,"289":0,"290":0,"291":1,"292":0,"293":0,"294":0,"295":0,"296":0,"297":0,"298":0,"299":0,"300":0,"301":0,"302":0,"303":1,"304":0,"305":0,"306":0,"307":0,"308":0,"309":1,"310":0,"311":0,"312":0,"313":0,"314":0,"315":0,"316":0,"317":0,"318":0,"319":0,"320":0,"321":0,"322":1,"323":0,"324":0,"325":0,"326":0,"327":0,"328":0,"329":0,"330":0,"331":0,"332":0,"333":0,"334":0,"335":1,"336":0,"337":0,"338":0,"339":0,"340":0,"341":0,"342":0,"343":1,"344":0,"345":0,"346":0,"347":0,"348":0,"349":0,"350":0,"351":0,"352":0,"353":0,"354":0,"355":0,"356":0,"357":0,"358":0,"359":0,"360":0,"361":0,"362":0,"363":0,"364":0,"365":0,"366":1,"367":0,"368":0,"369":0,"370":0,"371":0,"372":0,"373":0,"374":0,"375":0,"376":0,"377":0,"378":0,"379":0,"380":1,"381":0,"382":0,"383":0,"384":0,"385":0,"386":0,"387":0,"388":0,"389":1,"390":0,"391":0,"392":0,"393":0,"394":0,"395":0,"396":0,"397":0,"398":1,"399":0,"400":0,"401":0,"402":0,"403":0,"404":1},"b":{"1":[0,0],"2":[0,0],"3":[0,0],"4":[0,0],"5":[0,0],"6":[0,0],"7":[0,0],"8":[0,0],"9":[0,0],"10":[0,0],"11":[0,0],"12":[0,0],"13":[0,0],"14":[0,0],"15":[0,0],"16":[0,0],"17":[0,0],"18":[0,0],"19":[0,0],"20":[0,0],"21":[0,0],"22":[0,0],"23":[0,0],"24":[0,0],"25":[0,0],"26":[0,0],"27":[0,0],"28":[0,0],"29":[0,0],"30":[0,0],"31":[0,0],"32":[0,0],"33":[0,0],"34":[0,0],"35":[0,0],"36":[0,0],"37":[0,0],"38":[0,0],"39":[0,0],"40":[0,0],"41":[0,0],"42":[0,0],"43":[0,0],"44":[0,0],"45":[0,0],"46":[0,0],"47":[0,0],"48":[0,0],"49":[0,0],"50":[0,0],"51":[0,0],"52":[0,0],"53":[0,0],"54":[0,0],"55":[0,0],"56":[0,0],"57":[0,0],"58":[0,0]},"f":{"1":0,"2":0,"3":0,"4":0,"5":0,"6":0,"7":0,"8":0,"9":0,"10":0,"11":0,"12":0,"13":0,"14":0,"15":0,"16":0,"17":0,"18":0,"19":0,"20":0,"21":0,"22":0,"23":0,"24":0,"25":0,"26":0,"27":0,"28":0,"29":0,"30":0,"31":0,"32":0,"33":0,"34":0,"35":0,"36":0,"37":0,"38":0,"39":0,"40":0,"41":0,"42":0,"43":0,"44":0,"45":0,"46":0,"47":0,"48":0,"49":0,"50":0,"51":0,"52":0,"53":0,"54":0,"55":0,"56":0,"57":0,"58":0,"59":0,"60":0,"61":0,"62":0,"63":0,"64":0,"65":0,"66":0,"67":0,"68":0},"fnMap":{"1":{"name":"Model","line":31,"loc":{"start":{"line":31,"column":0},"end":{"line":31,"column":30}}},"2":{"name":"(anonymous_2)","line":56,"loc":{"start":{"line":56,"column":34},"end":{"line":56,"column":49}}},"3":{"name":"(anonymous_3)","line":67,"loc":{"start":{"line":67,"column":28},"end":{"line":67,"column":43}}},"4":{"name":"(anonymous_4)","line":102,"loc":{"start":{"line":102,"column":22},"end":{"line":102,"column":37}}},"5":{"name":"(anonymous_5)","line":114,"loc":{"start":{"line":114,"column":27},"end":{"line":114,"column":50}}},"6":{"name":"(anonymous_6)","line":134,"loc":{"start":{"line":134,"column":22},"end":{"line":134,"column":35}}},"7":{"name":"execHooks","line":138,"loc":{"start":{"line":138,"column":0},"end":{"line":138,"column":46}}},"8":{"name":"(anonymous_8)","line":142,"loc":{"start":{"line":142,"column":29},"end":{"line":142,"column":44}}},"9":{"name":"(anonymous_9)","line":154,"loc":{"start":{"line":154,"column":36},"end":{"line":154,"column":49}}},"10":{"name":"(anonymous_10)","line":157,"loc":{"start":{"line":157,"column":21},"end":{"line":157,"column":47}}},"11":{"name":"(anonymous_11)","line":159,"loc":{"start":{"line":159,"column":14},"end":{"line":159,"column":25}}},"12":{"name":"(anonymous_12)","line":171,"loc":{"start":{"line":171,"column":29},"end":{"line":171,"column":45}}},"13":{"name":"(anonymous_13)","line":193,"loc":{"start":{"line":193,"column":53},"end":{"line":193,"column":68}}},"14":{"name":"(anonymous_14)","line":210,"loc":{"start":{"line":210,"column":28},"end":{"line":210,"column":53}}},"15":{"name":"(anonymous_15)","line":213,"loc":{"start":{"line":213,"column":49},"end":{"line":213,"column":60}}},"16":{"name":"(anonymous_16)","line":225,"loc":{"start":{"line":225,"column":25},"end":{"line":225,"column":50}}},"17":{"name":"(anonymous_17)","line":229,"loc":{"start":{"line":229,"column":35},"end":{"line":229,"column":50}}},"18":{"name":"(anonymous_18)","line":244,"loc":{"start":{"line":244,"column":23},"end":{"line":244,"column":48}}},"19":{"name":"(anonymous_19)","line":250,"loc":{"start":{"line":250,"column":49},"end":{"line":250,"column":60}}},"20":{"name":"(anonymous_20)","line":267,"loc":{"start":{"line":267,"column":35},"end":{"line":267,"column":55}}},"21":{"name":"(anonymous_21)","line":293,"loc":{"start":{"line":293,"column":52},"end":{"line":293,"column":67}}},"22":{"name":"(anonymous_22)","line":310,"loc":{"start":{"line":310,"column":29},"end":{"line":310,"column":60}}},"23":{"name":"(anonymous_23)","line":313,"loc":{"start":{"line":313,"column":49},"end":{"line":313,"column":60}}},"24":{"name":"(anonymous_24)","line":327,"loc":{"start":{"line":327,"column":25},"end":{"line":327,"column":57}}},"25":{"name":"(anonymous_25)","line":339,"loc":{"start":{"line":339,"column":31},"end":{"line":339,"column":51}}},"26":{"name":"(anonymous_26)","line":357,"loc":{"start":{"line":357,"column":53},"end":{"line":357,"column":68}}},"27":{"name":"(anonymous_27)","line":374,"loc":{"start":{"line":374,"column":30},"end":{"line":374,"column":59}}},"28":{"name":"(anonymous_28)","line":377,"loc":{"start":{"line":377,"column":49},"end":{"line":377,"column":60}}},"29":{"name":"(anonymous_29)","line":390,"loc":{"start":{"line":390,"column":26},"end":{"line":390,"column":58}}},"30":{"name":"(anonymous_30)","line":402,"loc":{"start":{"line":402,"column":30},"end":{"line":402,"column":43}}},"31":{"name":"(anonymous_31)","line":413,"loc":{"start":{"line":413,"column":55},"end":{"line":413,"column":70}}},"32":{"name":"(anonymous_32)","line":430,"loc":{"start":{"line":430,"column":29},"end":{"line":430,"column":52}}},"33":{"name":"(anonymous_33)","line":433,"loc":{"start":{"line":433,"column":49},"end":{"line":433,"column":60}}},"34":{"name":"(anonymous_34)","line":445,"loc":{"start":{"line":445,"column":25},"end":{"line":445,"column":51}}},"35":{"name":"(anonymous_35)","line":452,"loc":{"start":{"line":452,"column":26},"end":{"line":452,"column":37}}},"36":{"name":"(anonymous_36)","line":461,"loc":{"start":{"line":461,"column":24},"end":{"line":461,"column":35}}},"37":{"name":"(anonymous_37)","line":473,"loc":{"start":{"line":473,"column":26},"end":{"line":473,"column":54}}},"38":{"name":"(anonymous_38)","line":492,"loc":{"start":{"line":492,"column":26},"end":{"line":492,"column":44}}},"39":{"name":"(anonymous_39)","line":495,"loc":{"start":{"line":495,"column":15},"end":{"line":495,"column":33}}},"40":{"name":"(anonymous_40)","line":512,"loc":{"start":{"line":512,"column":23},"end":{"line":512,"column":49}}},"41":{"name":"(anonymous_41)","line":549,"loc":{"start":{"line":549,"column":26},"end":{"line":549,"column":52}}},"42":{"name":"(anonymous_42)","line":564,"loc":{"start":{"line":564,"column":23},"end":{"line":564,"column":48}}},"43":{"name":"(anonymous_43)","line":579,"loc":{"start":{"line":579,"column":21},"end":{"line":579,"column":43}}},"44":{"name":"(anonymous_44)","line":605,"loc":{"start":{"line":605,"column":24},"end":{"line":605,"column":42}}},"45":{"name":"(anonymous_45)","line":615,"loc":{"start":{"line":615,"column":23},"end":{"line":615,"column":41}}},"46":{"name":"(anonymous_46)","line":626,"loc":{"start":{"line":626,"column":24},"end":{"line":626,"column":47}}},"47":{"name":"(anonymous_47)","line":666,"loc":{"start":{"line":666,"column":24},"end":{"line":666,"column":36}}},"48":{"name":"(anonymous_48)","line":676,"loc":{"start":{"line":676,"column":23},"end":{"line":676,"column":35}}},"49":{"name":"(anonymous_49)","line":685,"loc":{"start":{"line":685,"column":26},"end":{"line":685,"column":37}}},"50":{"name":"(anonymous_50)","line":694,"loc":{"start":{"line":694,"column":26},"end":{"line":694,"column":37}}},"51":{"name":"(anonymous_51)","line":707,"loc":{"start":{"line":707,"column":22},"end":{"line":707,"column":50}}},"52":{"name":"(anonymous_52)","line":710,"loc":{"start":{"line":710,"column":15},"end":{"line":710,"column":33}}},"53":{"name":"(anonymous_53)","line":725,"loc":{"start":{"line":725,"column":25},"end":{"line":725,"column":53}}},"54":{"name":"(anonymous_54)","line":753,"loc":{"start":{"line":753,"column":30},"end":{"line":753,"column":58}}},"55":{"name":"(anonymous_55)","line":781,"loc":{"start":{"line":781,"column":25},"end":{"line":781,"column":53}}},"56":{"name":"(anonymous_56)","line":784,"loc":{"start":{"line":784,"column":15},"end":{"line":784,"column":33}}},"57":{"name":"(anonymous_57)","line":798,"loc":{"start":{"line":798,"column":24},"end":{"line":798,"column":43}}},"58":{"name":"(anonymous_58)","line":824,"loc":{"start":{"line":824,"column":23},"end":{"line":824,"column":42}}},"59":{"name":"(anonymous_59)","line":852,"loc":{"start":{"line":852,"column":34},"end":{"line":852,"column":65}}},"60":{"name":"(anonymous_60)","line":856,"loc":{"start":{"line":856,"column":9},"end":{"line":856,"column":20}}},"61":{"name":"(anonymous_61)","line":875,"loc":{"start":{"line":875,"column":39},"end":{"line":875,"column":70}}},"62":{"name":"(anonymous_62)","line":880,"loc":{"start":{"line":880,"column":9},"end":{"line":880,"column":20}}},"63":{"name":"(anonymous_63)","line":923,"loc":{"start":{"line":923,"column":28},"end":{"line":923,"column":50}}},"64":{"name":"(anonymous_64)","line":954,"loc":{"start":{"line":954,"column":27},"end":{"line":954,"column":42}}},"65":{"name":"(anonymous_65)","line":961,"loc":{"start":{"line":961,"column":15},"end":{"line":961,"column":33}}},"66":{"name":"(anonymous_66)","line":974,"loc":{"start":{"line":974,"column":26},"end":{"line":974,"column":40}}},"67":{"name":"(anonymous_67)","line":994,"loc":{"start":{"line":994,"column":26},"end":{"line":994,"column":37}}},"68":{"name":"(anonymous_68)","line":998,"loc":{"start":{"line":998,"column":15},"end":{"line":998,"column":33}}}},"statementMap":{"1":{"start":{"line":3,"column":0},"end":{"line":3,"column":50}},"2":{"start":{"line":4,"column":0},"end":{"line":4,"column":26}},"3":{"start":{"line":5,"column":0},"end":{"line":5,"column":34}},"4":{"start":{"line":6,"column":0},"end":{"line":6,"column":29}},"5":{"start":{"line":7,"column":0},"end":{"line":7,"column":37}},"6":{"start":{"line":8,"column":0},"end":{"line":8,"column":31}},"7":{"start":{"line":9,"column":0},"end":{"line":9,"column":33}},"8":{"start":{"line":10,"column":0},"end":{"line":10,"column":31}},"9":{"start":{"line":11,"column":0},"end":{"line":11,"column":40}},"10":{"start":{"line":12,"column":0},"end":{"line":12,"column":52}},"11":{"start":{"line":13,"column":0},"end":{"line":13,"column":31}},"12":{"start":{"line":15,"column":0},"end":{"line":15,"column":31}},"13":{"start":{"line":16,"column":0},"end":{"line":16,"column":27}},"14":{"start":{"line":17,"column":0},"end":{"line":17,"column":24}},"15":{"start":{"line":18,"column":0},"end":{"line":18,"column":27}},"16":{"start":{"line":19,"column":0},"end":{"line":19,"column":31}},"17":{"start":{"line":20,"column":0},"end":{"line":20,"column":22}},"18":{"start":{"line":21,"column":0},"end":{"line":21,"column":28}},"19":{"start":{"line":31,"column":0},"end":{"line":92,"column":1}},"20":{"start":{"line":32,"column":2},"end":{"line":32,"column":26}},"21":{"start":{"line":34,"column":2},"end":{"line":34,"column":26}},"22":{"start":{"line":37,"column":2},"end":{"line":43,"column":3}},"23":{"start":{"line":38,"column":4},"end":{"line":38,"column":21}},"24":{"start":{"line":39,"column":9},"end":{"line":43,"column":3}},"25":{"start":{"line":40,"column":4},"end":{"line":40,"column":33}},"26":{"start":{"line":42,"column":4},"end":{"line":42,"column":26}},"27":{"start":{"line":46,"column":2},"end":{"line":48,"column":3}},"28":{"start":{"line":47,"column":4},"end":{"line":47,"column":59}},"29":{"start":{"line":50,"column":2},"end":{"line":50,"column":19}},"30":{"start":{"line":51,"column":2},"end":{"line":51,"column":17}},"31":{"start":{"line":52,"column":2},"end":{"line":52,"column":28}},"32":{"start":{"line":53,"column":2},"end":{"line":53,"column":23}},"33":{"start":{"line":54,"column":2},"end":{"line":54,"column":18}},"34":{"start":{"line":56,"column":2},"end":{"line":61,"column":4}},"35":{"start":{"line":57,"column":4},"end":{"line":57,"column":30}},"36":{"start":{"line":60,"column":4},"end":{"line":60,"column":31}},"37":{"start":{"line":63,"column":2},"end":{"line":63,"column":37}},"38":{"start":{"line":64,"column":2},"end":{"line":64,"column":36}},"39":{"start":{"line":65,"column":2},"end":{"line":65,"column":39}},"40":{"start":{"line":67,"column":2},"end":{"line":69,"column":4}},"41":{"start":{"line":68,"column":4},"end":{"line":68,"column":27}},"42":{"start":{"line":71,"column":2},"end":{"line":71,"column":31}},"43":{"start":{"line":72,"column":2},"end":{"line":72,"column":33}},"44":{"start":{"line":73,"column":2},"end":{"line":73,"column":36}},"45":{"start":{"line":76,"column":2},"end":{"line":76,"column":31}},"46":{"start":{"line":77,"column":2},"end":{"line":77,"column":40}},"47":{"start":{"line":79,"column":2},"end":{"line":82,"column":3}},"48":{"start":{"line":80,"column":4},"end":{"line":80,"column":24}},"49":{"start":{"line":81,"column":4},"end":{"line":81,"column":29}},"50":{"start":{"line":85,"column":2},"end":{"line":85,"column":31}},"51":{"start":{"line":86,"column":2},"end":{"line":86,"column":40}},"52":{"start":{"line":88,"column":2},"end":{"line":91,"column":3}},"53":{"start":{"line":89,"column":4},"end":{"line":89,"column":24}},"54":{"start":{"line":90,"column":4},"end":{"line":90,"column":44}},"55":{"start":{"line":94,"column":0},"end":{"line":94,"column":35}},"56":{"start":{"line":102,"column":0},"end":{"line":104,"column":2}},"57":{"start":{"line":103,"column":2},"end":{"line":103,"column":33}},"58":{"start":{"line":114,"column":0},"end":{"line":124,"column":2}},"59":{"start":{"line":115,"column":2},"end":{"line":115,"column":26}},"60":{"start":{"line":116,"column":2},"end":{"line":116,"column":19}},"61":{"start":{"line":116,"column":12},"end":{"line":116,"column":19}},"62":{"start":{"line":118,"column":2},"end":{"line":120,"column":15}},"63":{"start":{"line":122,"column":2},"end":{"line":122,"column":30}},"64":{"start":{"line":123,"column":2},"end":{"line":123,"column":46}},"65":{"start":{"line":126,"column":0},"end":{"line":126,"column":
[...]
e one of ' + elements.join(', '));","  }","","  return value;","};","","module.exports = SchemaTypeEnum;",""],"l":{"3":1,"4":1,"5":1,"6":1,"8":1,"9":1,"22":1,"23":0,"28":1,"37":1,"38":0,"39":0,"41":0,"42":0,"45":0,"48":1}},"/home/travis/build/npmtest/node-npmtest-warehouse/node_modules/warehouse/lib/types/integer.js":{"path":"/home/travis/build/npmtest/node-npmtest-warehouse/node_modules/warehouse/lib/types/integer.js","s":{"1":1,"2":1,"3":1,"4":1,"5":0,"6":1,"7":1,"8":0,"9":0,"10":1,"11":0,"12":0,"13":0,"14":0,"15":1},"b":{"1":[0,0]},"f":{"1":0,"2":0,"3":0},"fnMap":{"1":{"name":"SchemaTypeInteger","line":17,"loc":{"start":{"line":17,"column":0},"end":{"line":17,"column":42}}},"2":{"name":"(anonymous_2)","line":30,"loc":{"start":{"line":30,"column":35},"end":{"line":30,"column":58}}},"3":{"name":"(anonymous_3)","line":43,"loc":{"start":{"line":43,"column":39},"end":{"line":43,"column":62}}}},"statementMap":{"1":{"start":{"line":3,"column":0},"end":{"line":3,"column":43}},"2":{"start":{"line":4,"column":0},"end":{"line":4,"column":30}},"3":{"start":{"line":5,"column":0},"end":{"line":5,"column":53}},"4":{"start":{"line":17,"column":0},"end":{"line":19,"column":1}},"5":{"start":{"line":18,"column":2},"end":{"line":18,"column":45}},"6":{"start":{"line":21,"column":0},"end":{"line":21,"column":51}},"7":{"start":{"line":30,"column":0},"end":{"line":34,"column":2}},"8":{"start":{"line":31,"column":2},"end":{"line":31,"column":71}},"9":{"start":{"line":33,"column":2},"end":{"line":33,"column":29}},"10":{"start":{"line":43,"column":0},"end":{"line":51,"column":2}},"11":{"start":{"line":44,"column":2},"end":{"line":44,"column":75}},"12":{"start":{"line":46,"column":2},"end":{"line":48,"column":3}},"13":{"start":{"line":47,"column":4},"end":{"line":47,"column":68}},"14":{"start":{"line":50,"column":2},"end":{"line":50,"column":15}},"15":{"start":{"line":53,"column":0},"end":{"line":53,"column":35}}},"branchMap":{"1":{"line":46,"type":"if","locations":[{"start":{"line":46,"column":2},"end":{"line":46,"column":2}},{"start":{"line":46,"column":2},"end":{"line":46,"column":2}}]}},"code":["'use strict';","","var SchemaTypeNumber = require('./number');","var util = require('../util');","var ValidationError = require('../error/validation');","","/**"," * Integer schema type."," *"," * @class"," * @param {String} name"," * @param {Object} options"," *   @param {Boolean} [options.required=false]"," *   @param {Number|Function} [options.default]"," * @extends {SchemaTypeNumber}"," */","function SchemaTypeInteger(name, options) {","  SchemaTypeNumber.call(this, name, options);","}","","util.inherits(SchemaTypeInteger, SchemaTypeNumber);","","/**"," * Casts a integer."," *"," * @param {*} value"," * @param {Object} data"," * @return {Number}"," */","SchemaTypeInteger.prototype.cast = function(value_, data) {","  var value = SchemaTypeNumber.prototype.cast.call(this, value_, data);","","  return parseInt(value, 10);","};","","/**"," * Validates an integer."," *"," * @param {*} value"," * @param {Object} data"," * @return {Number|Error}"," */","SchemaTypeInteger.prototype.validate = function(value_, data) {","  var value = SchemaTypeNumber.prototype.validate.call(this, value_, data);","","  if (value % 1 !== 0) {","    throw new ValidationError('`' + value + '` is not an integer!');","  }","","  return value;","};","","module.exports = SchemaTypeInteger;",""],"l":{"3":1,"4":1,"5":1,"17":1,"18":0,"21":1,"30":1,"31":0,"33":0,"43":1,"44":0,"46":0,"47":0,"50":0,"53":1}},"/home/travis/build/npmtest/node-npmtest-warehouse/node_modules/warehouse/lib/types/buffer.js":{"path":"/home/travis/build/npmtest/node-npmtest-warehouse/node_modules/warehouse/lib/types/buffer.js","s":{"1":1,"2":1,"3":1,"4":1,"5":1,"6":1,"7":0,"8":1,"9":1,"10":0,"11":0,"12":0,"13":0,"14":0,"15":0,"16":0,"17":1,"18":0,"19":0,"20":0,"21":0,"22":1,"23":0,"24":0,"25":0,"26":1,"27":0,"28":1,"29":0,"30":1,"31":0,"32":0,"33":0,"34":1,"35":0,"36":0,"37":0,"38":0,"39":0,"40":0,"41":0,"42":1,"43":0,"44":0,"45":0,"46":0,"47":0,"48":0,"49":0,"50":0,"51":1},"b":{"1":[0,0],"2":[0,0],"3":[0,0],"4":[0,0],"5":[0,0],"6":[0,0],"7":[0,0],"8":[0,0],"9":[0,0],"10":[0,0],"11":[0,0],"12":[0,0],"13":[0,0],"14":[0,0],"15":[0,0],"16":[0,0],"17":[0,0],"18":[0,0]},"f":{"1":0,"2":0,"3":0,"4":0,"5":0,"6":0,"7":0,"8":0,"9":0},"fnMap":{"1":{"name":"SchemaTypeBuffer","line":21,"loc":{"start":{"line":21,"column":0},"end":{"line":21,"column":41}}},"2":{"name":"(anonymous_2)","line":36,"loc":{"start":{"line":36,"column":34},"end":{"line":36,"column":57}}},"3":{"name":"(anonymous_3)","line":51,"loc":{"start":{"line":51,"column":38},"end":{"line":51,"column":61}}},"4":{"name":"(anonymous_4)","line":68,"loc":{"start":{"line":68,"column":37},"end":{"line":68,"column":52}}},"5":{"name":"(anonymous_5)","line":83,"loc":{"start":{"line":83,"column":35},"end":{"line":83,"column":57}}},"6":{"name":"(anonymous_6)","line":94,"loc":{"start":{"line":94,"column":35},"end":{"line":94,"column":57}}},"7":{"name":"(anonymous_7)","line":106,"loc":{"start":{"line":106,"column":35},"end":{"line":106,"column":64}}},"8":{"name":"bufferCompare","line":114,"loc":{"start":{"line":114,"column":0},"end":{"line":114,"column":29}}},"9":{"name":"bufferEqual","line":126,"loc":{"start":{"line":126,"column":0},"end":{"line":126,"column":27}}}},"statementMap":{"1":{"start":{"line":3,"column":0},"end":{"line":3,"column":42}},"2":{"start":{"line":4,"column":0},"end":{"line":4,"column":30}},"3":{"start":{"line":5,"column":0},"end":{"line":5,"column":26}},"4":{"start":{"line":6,"column":0},"end":{"line":6,"column":53}},"5":{"start":{"line":8,"column":0},"end":{"line":8,"column":22}},"6":{"start":{"line":21,"column":0},"end":{"line":25,"column":1}},"7":{"start":{"line":22,"column":2},"end":{"line":24,"column":15}},"8":{"start":{"line":27,"column":0},"end":{"line":27,"column":44}},"9":{"start":{"line":36,"column":0},"end":{"line":42,"column":2}},"10":{"start":{"line":37,"column":2},"end":{"line":37,"column":65}},"11":{"start":{"line":39,"column":2},"end":{"line":39,"column":60}},"12":{"start":{"line":39,"column":47},"end":{"line":39,"column":60}},"13":{"start":{"line":40,"column":2},"end":{"line":40,"column":81}},"14":{"start":{"line":40,"column":33},"end":{"line":40,"column":81}},"15":{"start":{"line":41,"column":2},"end":{"line":41,"column":53}},"16":{"start":{"line":41,"column":28},"end":{"line":41,"column":53}},"17":{"start":{"line":51,"column":0},"end":{"line":59,"column":2}},"18":{"start":{"line":52,"column":2},"end":{"line":52,"column":69}},"19":{"start":{"line":54,"column":2},"end":{"line":56,"column":3}},"20":{"start":{"line":55,"column":4},"end":{"line":55,"column":72}},"21":{"start":{"line":58,"column":2},"end":{"line":58,"column":15}},"22":{"start":{"line":68,"column":0},"end":{"line":74,"column":2}},"23":{"start":{"line":69,"column":2},"end":{"line":71,"column":3}},"24":{"start":{"line":70,"column":4},"end":{"line":70,"column":56}},"25":{"start":{"line":73,"column":2},"end":{"line":73,"column":37}},"26":{"start":{"line":83,"column":0},"end":{"line":85,"column":2}},"27":{"start":{"line":84,"column":2},"end":{"line":84,"column":66}},"28":{"start":{"line":94,"column":0},"end":{"line":96,"column":2}},"29":{"start":{"line":95,"column":2},"end":{"line":95,"column":80}},"30":{"start":{"line":106,"column":0},"end":{"line":112,"column":2}},"31":{"start":{"line":107,"column":2},"end":{"line":109,"column":3}},"32":{"start":{"line":108,"column":4},"end":{"line":108,"column":37}},"33":{"start":{"line":111,"column":2},"end":{"line":111,"column":25}},"34":{"start":{"line":114,"column":0},"end":{"line":124,"column":1}},"35":{"start":{"line":115,"column":2},"end":{"line":115,"column":59}},"36":{"start":{"line":115,"column":39},"end":{"line":115,"column":59}},"37":{"start":{"line":117,"column":2},"end":{"line":121,"column":3}},"38":{"start":{"line":118,"column":4},"end":{"line":118,"column":13}},"39":{"start":{"line":119,"column":9},"end":{"line":121,"column":3}},"40":{"start":{"line":120,"column":4},"end":{"line":120,"column":14}},"41":{"start":{"line":123,"column":2},"end":{"line":123,"column":11}},"42":{"start":{"line":126,"column":0},"end":{"line":135,"column":1}},"43":{"start":{"line":127,"column":2},"end":{"line":127,"column":57}},"44":{"start":{"line":127,"column":38},"end":{"line":127,"column":57}},"45":{"start":{"line":128,"column":2},"end":{"line":128,"column":42}},"46":{"start":{"line":128,"column":29},"end":{"line":128,"column":42}},"47":{"start":{"line":130,"column":2},"end":{"line":132,"column":3}},"48":{"start":{"line":131,"column":4},"end":{"line":131,"column":36}},"49":{"start":{"line":131,"column":23},"end":{"line":131,"column":36}},"50":{"start":{"line":134,"column":2},"end":{"line":134,"column":14}},"51":{"start":{"line":137,"column":0},"end":{"line":137,"column":34}}},"branchMap":{"1":{"line":39,"type":"if","locations":[{"start":{"line":39,"column":2},"end":{"line":39,"column":2}},{"start":{"line":39,"column":2},"end":{"line":39,"column":2}}]},"2":{"line":39,"type":"binary-expr","locations":[{"start":{"line":39,"column":6},"end":{"line":39,"column":19}},{"start":{"line":39,"column":23},"end":{"line":39,"column":45}}]},"3":{"line":40,"type":"if","locations":[{"start":{"line":40,"column":2},"end":{"line":40,"column":2}},{"start":{"line":40,"column":2},"end":{"line":40,"column":2}}]},"4":{"line":41,"type":"if","locations":[{"start":{"line":41,"column":2},"end":{"line":41,"column":2}},{"start":{"line":41,"column":2},"end":{"line":41,"column":2}}]},"5":{"line":54,"type":"if","locations":[{"start":{"line":54,"column":2},"end":{"line":54,"column":2}},{"start":{"line":54,"column":2},"end":{"line":54,"column":2}}]},"6":{"line":69,"type":"if","locations":[{"start":{"line":69,"column":2},"end":{"line":69,"column":2}},{"start":{"line":69,"column":2},"end":{"line":69,"column":2}}]},"7":{"line":70,"type":"cond-expr","locations":[{"start":{"line":70,"column":32},"end":{"line":70,"column":51}},{"start":{"line":70,"column":54},"end":{"line":70,"column":55}}]},"8":{"line":73,"type":"cond-expr","locations":[{"start":{"line":73,"column":30},"end":{"line":73,"column":32}},{"start":{"line":73,"column":35},"end":{"line":73,"column":36}}]},"9":{"line":84,"type":"cond-expr","locations":[{"start":{"line":84,"column":17},"end":{"line":84,"column":57}},{"start":{"line":84,"column":60},"end":{"line":84,"column":65}}]},"10":{"line":95,"type":"cond-expr","locations":[{"start":{"line":95,"column":34},"end":{"line":95,"column":71}},{"start":{"line":95,"column":74},"end":{"line":95,"column":79}}]},"11":{"line":107,"type":"if","locations":[{"start":{"line":107,"column":2},"end":{"line":107,"column":2}},{"start":{"line":107,"column":2},"end":{"line":107,"column":2}}]},"12":{"line":107,"type":"binary-expr","locations":[{"start":{"line":107,"column":6},"end":{"line":107,"column":28}},{"start":{"line":107,"column":32},"end":{"line":107,"column":54}}]},"13":{"line":115,"type":"if","locations":[{"start":{"line":115,"column":2},"end":{"line":115,"column":2}},{"start":{"line":115,"column":2},"end":{"line":115,"column":2}}]},"14":{"line":117,"type":"if","locations":[{"start":{"line":117,"column":2},"end":{"line":117,"column":2}},{"start":{"line":117,"column":2},"end":{"line":117,"column":2}}]},"15":{"line":119,"type":"if","locations":[{"start":{"line":119,"column":9},"end":{"line":119,"column":9}},{"start":{"line":119,"column":9},"end":{"line":119,"column":9}}]},"16":{"line":127,"type":"if","locations":[{"start":{"line":127,"column":2},"end":{"line":127,"column":2}},{"start":{"line":127,"column":2},"end":{"line":127,"column":2}}]},"17":{"line":128,"type":"if","locations":[{"start":{"line":128,"column":2},"end":{"line":128,"column":2}},{"start":{"line":128,"column":2},"end":{"line":128,"column":2}}]},"18":{"line":131,"type":"if","locations":[{"start":{"line":131,"column":4},"end":{"line":131,"column":4}},{"start":{"line":131,"column":4},"end":{"line":131,"column":4}}]}},"code":["'use strict';","","var SchemaType = require('../schematype');","var util = require('../util');","var _ = require('lodash');","var ValidationError = require('../error/validation');","","var assign = _.assign;","","/**"," * Boolean schema type."," *"," * @class"," * @param {String} name"," * @param {Object} [options]"," *   @param {Boolean} [options.required=false]"," *   @param {Boolean|Function} [options.default]"," *   @param {String} [options.encoding=hex]"," * @extends {SchemaType}"," */","function SchemaTypeBuffer(name, options) {","  SchemaType.call(this, name, assign({","    encoding: 'hex'","  }, options));","}","","util.inherits(SchemaTypeBuffer, SchemaType);","","/**"," * Casts data."," *"," * @param {*} value"," * @param {Object} data"," * @return {Buffer}"," */","SchemaTypeBuffer.prototype.cast = function(value_, data) {","  var value = SchemaType.prototype.cast.call(this, value_, data);","","  if (value == null || Buffer.isBuffer(value)) return value;","  if (typeof value === 'string') return new Buffer(value, this.options.encoding);","  if (Array.isArray(value)) return new Buffer(value);","};","","/**"," * Validates data."," *"," * @param {*} value"," * @param {Object} data"," * @return {Buffer}"," */","SchemaTypeBuffer.prototype.validate = function(value_, data) {","  var value = SchemaType.prototype.validate.call(this, value_, data);","","  if (!Buffer.isBuffer(value)) {","    throw new ValidationError('`' + value + '` is not a valid buffer!');","  }","","  return value;","};","","/**"," * Compares between two buffers."," *"," * @param {Buffer} a"," * @param {Buffer} b"," * @return {Number}"," */","SchemaTypeBuffer.prototype.compare = function(a, b) {","  if (Buffer.isBuffer(a)) {","    return Buffer.isBuffer(b) ? bufferCompare(a, b) : 1;","  }","","  return Buffer.isBuffer(b) ? -1 : 0;","};","","/**"," * Parses data and transform them into buffer values."," *"," * @param {*} value"," * @param {Object} data"," * @return {Boolean}"," */","SchemaTypeBuffer.prototype.parse = function(value, data) {","  return value ? new Buffer(value, this.options.encoding) : value;","};","","/**"," * Transforms data into number to compress the size of database files."," *"," * @param {Buffer} value"," * @param {Object} data"," * @return {Number}"," */","SchemaTypeBuffer.prototype.value = function(value, data) {","  return Buffer.isBuffer(value) ? value.toString(this.options.encoding) : value;","};","","/**"," * Checks the equality of data."," *"," * @param {Buffer} value"," * @param {Buffer} query"," * @param {Object} data"," * @return {Boolean}"," */","SchemaTypeBuffer.prototype.match = function(value, query, data) {","  if (Buffer.isBuffer(value) && Buffer.isBuffer(query)) {","    return bufferEqual(value, query);","  }","","  return value === query;","};","","function bufferCompare(a, b) {","  if (typeof a.compare === 'function') return a.compare(b);","","  if (a > b) {","    return 1;","  } else if (a < b) {","    return -1;","  }","","  return 0;","}","","function bufferEqual(a, b) {","  if (typeof a.equals === 'function') return a.equals(b);","  if (a.length !== b.length) return false;","","  for (var i = 0, len = a.length; i < len; i++) {","    if (a[i] !== b[i]) return false;","  }","","  return true;","}","","module.exports = SchemaTypeBuffer;",""],"l":{"3":1,"4":1,"5":1,"6":1,"8":1,"21":1,"22":0,"27":1,"36":1,"37":0,"39":0,"40":0,"41":0,"51":1,"52":0,"54":0,"55":0,"58":0,"68":1,"69":0,"70":0,"73":0,"83":1,"84":0,"94":1,"95":0,"106":1,"107":0,"108":0,"111":0,"114":1,"115":0,"117":0,"118":0,"119":0,"120":0,"123":0,"126":1,"127":0,"128":0,"130":0,"131":0,"134":0,"137":1}},"/home/travis/build/npmtest/node-npmtest-warehouse/node_modules/warehouse/lib/error/population.js":{"path":"/home/travis/build/npmtest/node-npmtest-warehouse/node_modules/warehouse/lib/error/population.js","s":{"1":1,"2":1,"3":1,"4":0,"5":0,"6":0,"7":1,"8":1},"b":{},"f":{"1":0},"fnMap":{"1":{"name":"PopulationError","line":13,"loc":{"start":{"line":13,"column":0},"end":{"line":13,"column":30}}}},"statementMap":{"1":{"start":{"line":3,"column":0},"end":{"line":3,"column":30}},"2":{"start":{"line":4,"column":0},"end":{"line":4,"column":41}},"3":{"start":{"line":13,"column":0},"end":{"line":18,"column":1}},"4":{"start":{"line":14,"column":2},"end":{"line":14,"column":28}},"5":{"start":{"line":16,"column":2},"end":{"line":16,"column":32}},"6":{"start":{"line":17,"column":2},"end":{"line":17,"column":21}},"7":{"start":{"line":20,"column":0},"end":{"line":20,"column":47}},"8":{"start":{"line":22,"column":0},"end":{"line":22,"column":33}}},"branchMap":{},"code":["'use strict';","","var util = require('../util');","var WarehouseError = require('../error');","","/**"," * PopulationError constructor"," *"," * @class"," * @param {String} msg"," * @extends WarehouseError"," */","function PopulationError(msg) {","  WarehouseError.call(this);","","  this.name = 'PopulationError';","  this.message = msg;","}","","util.inherits(PopulationError, WarehouseError);","","module.exports = PopulationError;",""],"l":{"3":1,"4":1,"13":1,"14":0,"16":0,"17":0,"20":1,"22":1}},"/home/travis/build/npmtest/node-npmtest-warehouse/node_modules/warehouse/lib/mutex.js":{"path":"/home/travis/build/npmtest/node-npmtest-warehouse/node_modules/warehouse/lib/mutex.js","s":{"1":1,"2":0,"3":0,"4":1,"5":0,"6":0,"7":0,"8":0,"9":0,"10":1,"11":0,"12":0,"13":0,"14":0,"15":0,"16":0,"17":1},"b":{"1":[0,0],"2":[0,0],"3":[0,0]},"f":{"1":0,"2":0,"3":0},"fnMap":{"1":{"name":"Mutex","line":3,"loc":{"start":{"line":3,"column":0},"end":{"line":3,"column":17}}},"2":{"name":"(anonymous_2)","line":8,"loc":{"start":{"line":8,"column":23},"end":{"line":8,"column":36}}},"3":{"name":"(anonymous_3)","line":18,"loc":{"start":{"line":18,"column":25},"end":{"line":18,"column":36}}}},"statementMap":{"1":{"start":{"line":3,"column":0},"end":{"line":6,"column":1}},"2":{"start":{"line":4,"column":2},"end":{"line":4,"column":23}},"3":{"start":{"line":5,"column":2},"end":{"line":5,"column":19}},"4":{"start":{"line":8,"column":0},"end":{"line":16,"column":2}},"5":{"start":{"line":9,"column":2},"end":{"line":12,"column":3}},"6":{"start":{"line":10,"column":4},"end":{"line":10,"column":25}},"7":{"start":{"line":11,"column":4},"end":{"line":11,"column":11}},"8":{"start":{"line":14,"column":2},"end":{"line":14,"column":22}},"9":{"start":{"line":15,"column":2},"end":{"line":15,"column":7}},"10":{"start":{"line":18,"column":0},"end":{"line":28,"column":2}},"11":{"start":{"line":19,"column":2},"end":{"line":19,"column":28}},"12":{"start":{"line":19,"column":21},"end":{"line":19,"column":28}},"13":{"start":{"line":21,"column":2},"end":{"line":21,"column":33}},"14":{"start":{"line":23,"column":2},"end":{"line":27,"column":3}},"15":{"start":{"line":24,"column":4},"end":{"line":24,"column":11}},"16":{"start":{"line":26,"column":4},"end":{"line":26,"column":25}},"17":{"start":{"line":30,"column":0},"end":{"line":30,"column":23}}},"branchMap":{"1":{"line":9,"type":"if","locations":[{"start":{"line":9,"column":2},"end":{"line":9,"column":2}},{"start":{"line":9,"column":2},"end":{"line":9,"column":2}}]},"2":{"line":19,"type":"if","locations":[{"start":{"line":19,"column":2},"end":{"line":19,"column":2}},{"start":{"line":19,"column":2},"end":{"line":19,"column":2}}]},"3":{"line":23,"type":"if","locations":[{"start":{"line":23,"column":2},"end":{"line":23,"column":2}},{"start":{"line":23,"column":2},"end":{"line":23,"column":2}}]}},"code":["'use strict';","","function Mutex() {","  this._locked = false;","  this._queue = [];","}","","Mutex.prototype.lock = function(fn) {","  if (this._locked) {","    this._queue.push(fn);","    return;","  }","","  this._locked = true;","  fn();","};","","Mutex.prototype.unlock = function() {","  if (!this._locked) return;","","  var next = this._queue.shift();","","  if (next) {","    next();","  } else {","    this._locked = false;","  }","};","","module.exports = Mutex;",""],"l":{"3":1,"4":0,"5":0,"8":1,"9":0,"10":0,"11":0,"14":0,"15":0,"18":1,"19":0,"21":0,"23":0,"24":0,"26":0,"30":1}}}